#
# A fatal error has been detected by the Java Runtime Environment:
#
#  SIGSEGV (0xb) at pc=0xb48b23e3, pid=7449, tid=3077823344
#
# JRE version: 6.0_27-b27
# Java VM: OpenJDK Server VM (20.0-b12 mixed mode linux-x86 )
# Derivative: IcedTea6 1.12.5
# Distribution: Ubuntu 11.10, package 6b27-1.12.5-0ubuntu0.11.10.1
# Problematic frame:
# J  groovyjarjarantlr.LLkParser.LA(I)I
#
# If you would like to submit a bug report, please include
# instructions how to reproduce the bug and visit:
#   https://bugs.launchpad.net/ubuntu/+source/openjdk-6/
#

---------------  T H R E A D  ---------------

Current thread (0x08977400):  JavaThread "main" [_thread_in_Java, id=7458, stack(0xb76ed000,0xb773e000)]

siginfo:si_signo=SIGSEGV: si_errno=0, si_code=128 (), si_addr=0x00000000

Registers:
EAX=0x00000001, EBX=0xa5fb9bc0, ECX=0xa5fb88c0, EDX=0x00000000
ESP=0xb7729080, EBP=0x00000000, ESI=0xb77290c8, EDI=0xa5fb9b98
EIP=0xb48b23e3, EFLAGS=0x00010293, CR2=0x00000004

Top of Stack: (sp=0xb7729080)
0xb7729080:   74fab7ae b77290d0 74fbd2d8 75abb3dc
0xb7729090:   a5fb9bc0 00000002 a5fb9b98 b77290f4
0xb77290a0:   a5fb9be0 00000000 b77290f4 b46efee1
0xb77290b0:   a61307e0 a61307e0 b77290f4 b46f0005
0xb77290c0:   a61307e0 b46f0005 00000002 a5fb9b48
0xb77290d0:   b3f0e998 b77290d4 74faf5f3 b7729118
0xb77290e0:   74fbd2d8 00000000 74faf6a8 b77290c8
0xb77290f0:   b7729114 b772913c b46efee1 00000000 

Instructions: (pc=0xb48b23e3)
0xb48b23c3:   e8 18 7d e6 ff 8b fd 8b 5d 08 8b 6b 20 8b 4d 08
0xb48b23d3:   89 4b 38 eb 3a 89 7c 24 18 89 5c 24 10 66 66 90
0xb48b23e3:   e8 64 3c 27 00 8b 68 08 8b 5c 24 18 8b 7b 08 0f
0xb48b23f3:   b6 4f 3e 85 c9 74 13 81 fd cb 00 00 00 7c 0b 81 

Register to memory mapping:

EAX=0x00000001 is an unknown value
EBX=0xa5fb9bc0 is an oop
groovyjarjarantlr.TokenBuffer 
 - klass: 'groovyjarjarantlr/TokenBuffer'
ECX=0xa5fb88c0 is an oop
org.codehaus.groovy.antlr.parser.GroovyLexer 
 - klass: 'org/codehaus/groovy/antlr/parser/GroovyLexer'
EDX=0x00000000 is an unknown value
ESP=0xb7729080 is pointing into the stack for thread: 0x08977400
EBP=0x00000000 is an unknown value
ESI=0xb77290c8 is pointing into the stack for thread: 0x08977400
EDI=0xa5fb9b98 is an oop
org.codehaus.groovy.antlr.parser.GroovyLexer$1 
 - klass: 'org/codehaus/groovy/antlr/parser/GroovyLexer$1'


Stack: [0xb76ed000,0xb773e000],  sp=0xb7729080,  free space=240k
Native frames: (J=compiled Java code, j=interpreted, Vv=VM code, C=native code)
J  groovyjarjarantlr.LLkParser.LA(I)I

[error occurred during error reporting (printing native stack), id 0xb]


---------------  P R O C E S S  ---------------

Java Threads: ( => current thread )
  0x73fb5800 JavaThread "Low Memory Detector" daemon [_thread_blocked, id=7469, stack(0x73793000,0x737e4000)]
  0x73fb3800 JavaThread "C2 CompilerThread1" daemon [_thread_blocked, id=7468, stack(0x737e4000,0x73865000)]
  0x73fb1800 JavaThread "C2 CompilerThread0" daemon [_thread_in_native, id=7467, stack(0x73865000,0x738e6000)]
  0x73fb0000 JavaThread "Signal Dispatcher" daemon [_thread_blocked, id=7466, stack(0x738e6000,0x73937000)]
  0x73fa0800 JavaThread "Finalizer" daemon [_thread_blocked, id=7465, stack(0x7404a000,0x7409b000)]
  0x73f9f000 JavaThread "Reference Handler" daemon [_thread_blocked, id=7464, stack(0x73c68000,0x73cb9000)]
=>0x08977400 JavaThread "main" [_thread_in_Java, id=7458, stack(0xb76ed000,0xb773e000)]

Other Threads:
  0x73f9c400 VMThread [stack: 0x73cb9000,0x73d3a000] [id=7463]
  0x73fb7800 WatcherThread [stack: 0x73712000,0x73793000] [id=7470]

VM state:not at safepoint (normal execution)

VM Mutex/Monitor currently owned by a thread: None

Heap
 PSYoungGen      total 229376K, used 59512K [0xa4620000, 0xb4620000, 0xb4620000)
  eden space 196608K, 15% used [0xa4620000,0xa642ec50,0xb0620000)
  from space 32768K, 87% used [0xb2620000,0xb422f478,0xb4620000)
  to   space 32768K, 0% used [0xb0620000,0xb0620000,0xb2620000)
 PSOldGen        total 524288K, used 0K [0x84620000, 0xa4620000, 0xa4620000)
  object space 524288K, 0% used [0x84620000,0x84620000,0xa4620000)
 PSPermGen       total 262144K, used 21101K [0x74620000, 0x84620000, 0x84620000)
  object space 262144K, 8% used [0x74620000,0x75abb400,0x84620000)

Code Cache  [0xb46ed000, 0xb4b35000, 0xb76ed000)
 total_blobs=1166 nmethods=796 adapters=323 free_code_cache=45903104 largest_free_block=14080

Dynamic libraries:
00110000-00123000 r-xp 00000000 08:01 15074296   /lib/i386-linux-gnu/libz.so.1.2.3.4
00123000-00124000 r--p 00012000 08:01 15074296   /lib/i386-linux-gnu/libz.so.1.2.3.4
00124000-00125000 rw-p 00013000 08:01 15074296   /lib/i386-linux-gnu/libz.so.1.2.3.4
00125000-00203000 r-xp 00000000 08:01 1971607    /usr/lib/i386-linux-gnu/libstdc++.so.6.0.16
00203000-00204000 ---p 000de000 08:01 1971607    /usr/lib/i386-linux-gnu/libstdc++.so.6.0.16
00204000-00208000 r--p 000de000 08:01 1971607    /usr/lib/i386-linux-gnu/libstdc++.so.6.0.16
00208000-00209000 rw-p 000e2000 08:01 1971607    /usr/lib/i386-linux-gnu/libstdc++.so.6.0.16
00209000-00210000 rw-p 00000000 00:00 0 
00210000-00238000 r-xp 00000000 08:01 15074344   /lib/i386-linux-gnu/libm-2.13.so
00238000-00239000 r--p 00028000 08:01 15074344   /lib/i386-linux-gnu/libm-2.13.so
00239000-0023a000 rw-p 00029000 08:01 15074344   /lib/i386-linux-gnu/libm-2.13.so
002a5000-00421000 r-xp 00000000 08:01 15073425   /lib/i386-linux-gnu/libc-2.13.so
00421000-00423000 r--p 0017c000 08:01 15073425   /lib/i386-linux-gnu/libc-2.13.so
00423000-00424000 rw-p 0017e000 08:01 15073425   /lib/i386-linux-gnu/libc-2.13.so
00424000-00427000 rw-p 00000000 00:00 0 
00470000-00474000 r-xp 00000000 08:01 2366580    /usr/lib/jvm/java-6-openjdk/jre/lib/i386/jli/libjli.so
00474000-00475000 r--p 00003000 08:01 2366580    /usr/lib/jvm/java-6-openjdk/jre/lib/i386/jli/libjli.so
00475000-00476000 rw-p 00004000 08:01 2366580    /usr/lib/jvm/java-6-openjdk/jre/lib/i386/jli/libjli.so
00539000-0053c000 r-xp 00000000 08:01 15074342   /lib/i386-linux-gnu/libdl-2.13.so
0053c000-0053d000 r--p 00002000 08:01 15074342   /lib/i386-linux-gnu/libdl-2.13.so
0053d000-0053e000 rw-p 00003000 08:01 15074342   /lib/i386-linux-gnu/libdl-2.13.so
00543000-0054d000 r-xp 00000000 08:01 15073433   /lib/i386-linux-gnu/libnss_nis-2.13.so
0054d000-0054e000 r--p 00009000 08:01 15073433   /lib/i386-linux-gnu/libnss_nis-2.13.so
0054e000-0054f000 rw-p 0000a000 08:01 15073433   /lib/i386-linux-gnu/libnss_nis-2.13.so
00600000-00617000 r-xp 00000000 08:01 15073439   /lib/i386-linux-gnu/libpthread-2.13.so
00617000-00618000 r--p 00016000 08:01 15073439   /lib/i386-linux-gnu/libpthread-2.13.so
00618000-00619000 rw-p 00017000 08:01 15073439   /lib/i386-linux-gnu/libpthread-2.13.so
00619000-0061b000 rw-p 00000000 00:00 0 
0064c000-00661000 r-xp 00000000 08:01 2366578    /usr/lib/jvm/java-6-openjdk/jre/lib/i386/libnet.so
00661000-00662000 r--p 00014000 08:01 2366578    /usr/lib/jvm/java-6-openjdk/jre/lib/i386/libnet.so
00662000-00663000 rw-p 00015000 08:01 2366578    /usr/lib/jvm/java-6-openjdk/jre/lib/i386/libnet.so
00735000-00751000 r-xp 00000000 08:01 15074234   /lib/i386-linux-gnu/libgcc_s.so.1
00751000-00752000 r--p 0001b000 08:01 15074234   /lib/i386-linux-gnu/libgcc_s.so.1
00752000-00753000 rw-p 0001c000 08:01 15074234   /lib/i386-linux-gnu/libgcc_s.so.1
00818000-0081f000 r-xp 00000000 08:01 15073427   /lib/i386-linux-gnu/librt-2.13.so
0081f000-00820000 r--p 00006000 08:01 15073427   /lib/i386-linux-gnu/librt-2.13.so
00820000-00821000 rw-p 00007000 08:01 15073427   /lib/i386-linux-gnu/librt-2.13.so
0091d000-00928000 r-xp 00000000 08:01 2366571    /usr/lib/jvm/java-6-openjdk/jre/lib/i386/libverify.so
00928000-00929000 ---p 0000b000 08:01 2366571    /usr/lib/jvm/java-6-openjdk/jre/lib/i386/libverify.so
00929000-0092a000 r--p 0000b000 08:01 2366571    /usr/lib/jvm/java-6-openjdk/jre/lib/i386/libverify.so
0092a000-0092b000 rw-p 0000c000 08:01 2366571    /usr/lib/jvm/java-6-openjdk/jre/lib/i386/libverify.so
00a3a000-00a45000 r-xp 00000000 08:01 15077396   /lib/i386-linux-gnu/libnss_files-2.13.so
00a45000-00a46000 r--p 0000a000 08:01 15077396   /lib/i386-linux-gnu/libnss_files-2.13.so
00a46000-00a47000 rw-p 0000b000 08:01 15077396   /lib/i386-linux-gnu/libnss_files-2.13.so
00b64000-00b79000 r-xp 00000000 08:01 15073430   /lib/i386-linux-gnu/libnsl-2.13.so
00b79000-00b7a000 r--p 00015000 08:01 15073430   /lib/i386-linux-gnu/libnsl-2.13.so
00b7a000-00b7b000 rw-p 00016000 08:01 15073430   /lib/i386-linux-gnu/libnsl-2.13.so
00b7b000-00b7d000 rw-p 00000000 00:00 0 
00b80000-00b87000 r-xp 00000000 08:01 2366564    /usr/lib/jvm/java-6-openjdk/jre/lib/i386/libzip.so
00b87000-00b88000 r--p 00006000 08:01 2366564    /usr/lib/jvm/java-6-openjdk/jre/lib/i386/libzip.so
00b88000-00b89000 rw-p 00007000 08:01 2366564    /usr/lib/jvm/java-6-openjdk/jre/lib/i386/libzip.so
00bac000-00bca000 r-xp 00000000 08:01 15077253   /lib/i386-linux-gnu/ld-2.13.so
00bca000-00bcb000 r--p 0001d000 08:01 15077253   /lib/i386-linux-gnu/ld-2.13.so
00bcb000-00bcc000 rw-p 0001e000 08:01 15077253   /lib/i386-linux-gnu/ld-2.13.so
00c1d000-00c25000 r-xp 00000000 08:01 15073434   /lib/i386-linux-gnu/libnss_compat-2.13.so
00c25000-00c26000 r--p 00007000 08:01 15073434   /lib/i386-linux-gnu/libnss_compat-2.13.so
00c26000-00c27000 rw-p 00008000 08:01 15073434   /lib/i386-linux-gnu/libnss_compat-2.13.so
00edb000-00f01000 r-xp 00000000 08:01 2366584    /usr/lib/jvm/java-6-openjdk/jre/lib/i386/libjava.so
00f01000-00f02000 r--p 00025000 08:01 2366584    /usr/lib/jvm/java-6-openjdk/jre/lib/i386/libjava.so
00f02000-00f04000 rw-p 00026000 08:01 2366584    /usr/lib/jvm/java-6-openjdk/jre/lib/i386/libjava.so
00f48000-00f59000 r-xp 00000000 08:01 13893685   /tmp/jna2194218575382206812.tmp
00f59000-00f5a000 rw-p 00011000 08:01 13893685   /tmp/jna2194218575382206812.tmp
00fa7000-00fa8000 r-xp 00000000 00:00 0          [vdso]
00fa8000-017c8000 r-xp 00000000 08:01 2366566    /usr/lib/jvm/java-6-openjdk/jre/lib/i386/server/libjvm.so
017c8000-0180d000 r--p 0081f000 08:01 2366566    /usr/lib/jvm/java-6-openjdk/jre/lib/i386/server/libjvm.so
0180d000-0181c000 rw-p 00864000 08:01 2366566    /usr/lib/jvm/java-6-openjdk/jre/lib/i386/server/libjvm.so
0181c000-01c36000 rw-p 00000000 00:00 0 
08048000-08051000 r-xp 00000000 08:01 2366536    /usr/lib/jvm/java-6-openjdk/jre/bin/java
08051000-08052000 r--p 00008000 08:01 2366536    /usr/lib/jvm/java-6-openjdk/jre/bin/java
08052000-08053000 rw-p 00009000 08:01 2366536    /usr/lib/jvm/java-6-openjdk/jre/bin/java
08970000-0b693000 rw-p 00000000 00:00 0          [heap]
6e400000-6e4fe000 rw-p 00000000 00:00 0 
6e4fe000-6e500000 ---p 00000000 00:00 0 
6e500000-6e5fa000 rw-p 00000000 00:00 0 
6e5fa000-6e600000 ---p 00000000 00:00 0 
6e600000-6e6f9000 rw-p 00000000 00:00 0 
6e6f9000-6e700000 ---p 00000000 00:00 0 
6e700000-6e7ef000 rw-p 00000000 00:00 0 
6e7ef000-6e800000 ---p 00000000 00:00 0 
6e900000-6e9f9000 rw-p 00000000 00:00 0 
6e9f9000-6ea00000 ---p 00000000 00:00 0 
6ea00000-6eae9000 rw-p 00000000 00:00 0 
6eae9000-6eb00000 ---p 00000000 00:00 0 
6eb00000-6ecf9000 rw-p 00000000 00:00 0 
6ecf9000-6ed00000 ---p 00000000 00:00 0 
6ed00000-6edea000 rw-p 00000000 00:00 0 
6edea000-6ee00000 ---p 00000000 00:00 0 
6ee00000-6eefb000 rw-p 00000000 00:00 0 
6eefb000-6ef00000 ---p 00000000 00:00 0 
6ef00000-6f100000 rw-p 00000000 00:00 0 
6f100000-6f300000 rw-p 00000000 00:00 0 
6f300000-6f500000 rw-p 00000000 00:00 0 
6f500000-6f600000 rw-p 00000000 00:00 0 
6f692000-6f696000 r--s 0002f000 08:01 16780527   /home/user/.grails/ivy-cache/org.grails/grails-test/jars/grails-test-2.1.1.jar
6f696000-6f69c000 r--s 0006c000 08:01 16780526   /home/user/.grails/ivy-cache/org.grails/grails-plugin-testing/jars/grails-plugin-testing-2.1.1.jar
6f69c000-6f6ad000 r--s 000d2000 08:01 16779839   /home/user/.grails/ivy-cache/org.liquibase/liquibase-core/jars/liquibase-core-2.0.5.jar
6f6ad000-6f6ae000 r--s 00002000 08:01 16779833   /home/user/.grails/ivy-cache/org.hibernate/hibernate-ehcache/jars/hibernate-ehcache-3.6.10.Final.jar
6f6ae000-6f6b3000 r--s 00048000 08:01 16779831   /home/user/.grails/ivy-cache/dom4j/dom4j/jars/dom4j-1.6.1.jar
6f6b3000-6f6b8000 r--s 00068000 08:01 16779837   /home/user/.grails/ivy-cache/antlr/antlr/jars/antlr-2.7.7.jar
6f6b8000-6f6c1000 r--s 00098000 08:01 16779835   /home/user/.grails/ivy-cache/org.javassist/javassist/jars/javassist-3.16.1-GA.jar
6f6c1000-6f6c4000 r--s 00009000 08:01 16779829   /home/user/.grails/ivy-cache/javax.validation/validation-api/jars/validation-api-1.0.0.GA.jar
6f6c4000-6f6cb000 r--s 00040000 08:01 16779825   /home/user/.grails/ivy-cache/org.hibernate/hibernate-validator/jars/hibernate-validator-4.1.0.Final.jar
6f6cb000-6f6ce000 r--s 0000f000 08:01 16779823   /home/user/.grails/ivy-cache/org.hibernate/hibernate-commons-annotations/jars/hibernate-commons-annotations-3.2.0.Final.jar
6f6ce000-6f700000 r--s 002c9000 08:01 16779827   /home/user/.grails/ivy-cache/org.hibernate/hibernate-core/jars/hibernate-core-3.6.10.Final.jar
6f700000-6f7f5000 rw-p 00000000 00:00 0 
6f7f5000-6f800000 ---p 00000000 00:00 0 
6f800000-6f8ea000 rw-p 00000000 00:00 0 
6f8ea000-6f900000 ---p 00000000 00:00 0 
6f900000-6fafd000 rw-p 00000000 00:00 0 
6fafd000-6fb00000 ---p 00000000 00:00 0 
6fb00000-6fbf9000 rw-p 00000000 00:00 0 
6fbf9000-6fc00000 ---p 00000000 00:00 0 
6fc00000-6fcf6000 rw-p 00000000 00:00 0 
6fcf6000-6fd00000 ---p 00000000 00:00 0 
6fd00000-6fdf9000 rw-p 00000000 00:00 0 
6fdf9000-6fe00000 ---p 00000000 00:00 0 
6fe00000-6fef9000 rw-p 00000000 00:00 0 
6fef9000-6ff00000 ---p 00000000 00:00 0 
6ff00000-6fff9000 rw-p 00000000 00:00 0 
6fff9000-70000000 ---p 00000000 00:00 0 
70000000-700f9000 rw-p 00000000 00:00 0 
700f9000-70100000 ---p 00000000 00:00 0 
70100000-701f9000 rw-p 00000000 00:00 0 
701f9000-70200000 ---p 00000000 00:00 0 
70200000-702f9000 rw-p 00000000 00:00 0 
702f9000-70300000 ---p 00000000 00:00 0 
70300000-703ff000 rw-p 00000000 00:00 0 
703ff000-70400000 ---p 00000000 00:00 0 
70425000-70427000 r--s 00000000 08:01 16779645   /home/user/.grails/ivy-cache/org.slf4j/jul-to-slf4j/jars/jul-to-slf4j-1.6.2.jar
70427000-70429000 r--s 00003000 08:01 16779203   /home/user/.grails/ivy-cache/org.slf4j/jcl-over-slf4j/jars/jcl-over-slf4j-1.6.2.jar
70429000-70432000 r--s 0006d000 08:01 16779643   /home/user/.grails/ivy-cache/log4j/log4j/bundles/log4j-1.2.16.jar
70432000-70447000 r--s 000e3000 08:01 16779641   /home/user/.grails/ivy-cache/net.sf.ehcache/ehcache-core/jars/ehcache-core-2.4.6.jar
70447000-70449000 r--s 00005000 08:01 16779639   /home/user/.grails/ivy-cache/xpp3/xpp3_min/jars/xpp3_min-1.1.4c.jar
70449000-7044b000 r--s 00004000 08:01 16779637   /home/user/.grails/ivy-cache/javax.servlet/jstl/jars/jstl-1.1.2.jar
7044b000-70455000 r--s 0012c000 08:01 16779635   /home/user/.grails/ivy-cache/com.h2database/h2/jars/h2-1.3.164.jar
70455000-70458000 r--s 00016000 08:01 16779633   /home/user/.grails/ivy-cache/commons-pool/commons-pool/jars/commons-pool-1.5.6.jar
70458000-7045b000 r--s 00025000 08:01 16779631   /home/user/.grails/ivy-cache/commons-dbcp/commons-dbcp/jars/commons-dbcp-1.4.jar
7045b000-7045d000 r--s 0000e000 08:01 16779629   /home/user/.grails/ivy-cache/oro/oro/jars/oro-2.0.8.jar
7045d000-7045f000 r--s 0000d000 08:01 16779627   /home/user/.grails/ivy-cache/commons-fileupload/commons-fileupload/jars/commons-fileupload-1.2.2.jar
7045f000-70460000 r--s 0000a000 08:01 16779625   /home/user/.grails/ivy-cache/asm/asm/jars/asm-3.1.jar
70460000-70467000 r--s 0003e000 08:01 16779623   /home/user/.grails/ivy-cache/cglib/cglib/jars/cglib-2.2.jar
70467000-7046b000 r--s 00019000 08:01 16779621   /home/user/.grails/ivy-cache/org.aspectj/aspectjrt/jars/aspectjrt-1.6.10.jar
7046b000-70481000 r--s 00184000 08:01 16779619   /home/user/.grails/ivy-cache/org.aspectj/aspectjweaver/jars/aspectjweaver-1.6.10.jar
70481000-70488000 r--s 00056000 08:01 16780525   /home/user/.grails/ivy-cache/org.grails/grails-datastore-simple/jars/grails-datastore-simple-1.1.0.RELEASE.jar
70488000-70491000 r--s 00044000 08:01 16780524   /home/user/.grails/ivy-cache/org.grails/grails-datastore-core/jars/grails-datastore-core-1.1.0.RELEASE.jar
70491000-70496000 r--s 0004c000 08:01 16780523   /home/user/.grails/ivy-cache/org.grails/grails-datastore-gorm/jars/grails-datastore-gorm-1.1.0.RELEASE.jar
70496000-704a1000 r--s 00082000 08:01 16780522   /home/user/.grails/ivy-cache/org.springframework/spring-webmvc/jars/spring-webmvc-3.1.2.RELEASE.jar
704a1000-704ad000 r--s 0007a000 08:01 16780521   /home/user/.grails/ivy-cache/org.springframework/spring-web/jars/spring-web-3.1.2.RELEASE.jar
704ad000-704b4000 r--s 00035000 08:01 16780520   /home/user/.grails/ivy-cache/org.springframework/spring-tx/jars/spring-tx-3.1.2.RELEASE.jar
704b4000-704bd000 r--s 00054000 08:01 16780519   /home/user/.grails/ivy-cache/org.springframework/spring-orm/jars/spring-orm-3.1.2.RELEASE.jar
704bd000-704c2000 r--s 0002c000 08:01 16780518   /home/user/.grails/ivy-cache/org.springframework/spring-jms/jars/spring-jms-3.1.2.RELEASE.jar
704c2000-704cc000 r--s 00059000 08:01 16780517   /home/user/.grails/ivy-cache/org.springframework/spring-jdbc/jars/spring-jdbc-3.1.2.RELEASE.jar
704cc000-704d0000 r--s 00027000 08:01 16780516   /home/user/.grails/ivy-cache/org.springframework/spring-expression/jars/spring-expression-3.1.2.RELEASE.jar
704d0000-704d3000 r--s 00018000 08:01 16780515   /home/user/.grails/ivy-cache/org.springframework/spring-context-support/jars/spring-context-support-3.1.2.RELEASE.jar
704d3000-704e8000 r--s 000b7000 08:01 16780514   /home/user/.grails/ivy-cache/org.springframework/spring-context/jars/spring-context-3.1.2.RELEASE.jar
704e8000-704f4000 r--s 00085000 08:01 16780513   /home/user/.grails/ivy-cache/org.springframework/spring-beans/jars/spring-beans-3.1.2.RELEASE.jar
704f4000-704f5000 r--s 0000c000 08:01 16780512   /home/user/.grails/ivy-cache/org.springframework/spring-asm/jars/spring-asm-3.1.2.RELEASE.jar
704f5000-704f7000 r--s 0000b000 08:01 16780511   /home/user/.grails/ivy-cache/org.springframework/spring-aspects/jars/spring-aspects-3.1.2.RELEASE.jar
704f7000-70500000 r--s 00049000 08:01 16780510   /home/user/.grails/ivy-cache/org.springframework/spring-aop/jars/spring-aop-3.1.2.RELEASE.jar
70500000-706f0000 rw-p 00000000 00:00 0 
706f0000-70700000 ---p 00000000 00:00 0 
70700000-70900000 rw-p 00000000 00:00 0 
70900000-70a00000 rw-p 00000000 00:00 0 
70a00000-70afd000 rw-p 00000000 00:00 0 
70afd000-70b00000 ---p 00000000 00:00 0 
70b08000-70b12000 r--s 00064000 08:01 16780509   /home/user/.grails/ivy-cache/org.springframework/spring-core/jars/spring-core-3.1.2.RELEASE.jar
70b12000-70b14000 r--s 00008000 08:01 16780508   /home/user/.grails/ivy-cache/org.grails/grails-plugin-validation/jars/grails-plugin-validation-2.1.1.jar
70b14000-70b17000 r--s 0001c000 08:01 16780507   /home/user/.grails/ivy-cache/org.grails/grails-plugin-url-mappings/jars/grails-plugin-url-mappings-2.1.1.jar
70b17000-70b19000 r--s 0000f000 08:01 16780506   /home/user/.grails/ivy-cache/org.grails/grails-plugin-mimetypes/jars/grails-plugin-mimetypes-2.1.1.jar
70b19000-70b1b000 r--s 00005000 08:01 16780505   /home/user/.grails/ivy-cache/org.grails/grails-plugin-servlets/jars/grails-plugin-servlets-2.1.1.jar
70b1b000-70b1c000 r--s 00008000 08:01 16780504   /home/user/.grails/ivy-cache/org.grails/grails-plugin-services/jars/grails-plugin-services-2.1.1.jar
70b1c000-70b1e000 r--s 00006000 08:01 16780503   /home/user/.grails/ivy-cache/org.grails/grails-plugin-scaffolding/jars/grails-plugin-scaffolding-2.1.1.jar
70b1e000-70b20000 r--s 0000e000 08:01 16780502   /home/user/.grails/ivy-cache/org.grails/grails-plugin-log4j/jars/grails-plugin-log4j-2.1.1.jar
70b20000-70b22000 r--s 00005000 08:01 16780501   /home/user/.grails/ivy-cache/org.grails/grails-plugin-i18n/jars/grails-plugin-i18n-2.1.1.jar
70b22000-70b29000 r--s 0006d000 08:01 16780500   /home/user/.grails/ivy-cache/org.grails/grails-plugin-gsp/jars/grails-plugin-gsp-2.1.1.jar
70b29000-70b2b000 r--s 0000e000 08:01 16780499   /home/user/.grails/ivy-cache/org.grails/grails-plugin-filters/jars/grails-plugin-filters-2.1.1.jar
70b2b000-70b2d000 r--s 00009000 08:01 16780498   /home/user/.grails/ivy-cache/org.grails/grails-plugin-datasource/jars/grails-plugin-datasource-2.1.1.jar
70b2d000-70b31000 r--s 00024000 08:01 16780497   /home/user/.grails/ivy-cache/org.grails/grails-plugin-converters/jars/grails-plugin-converters-2.1.1.jar
70b31000-70b34000 r--s 00019000 08:01 16780496   /home/user/.grails/ivy-cache/org.grails/grails-plugin-domain-class/jars/grails-plugin-domain-class-2.1.1.jar
70b34000-70b38000 r--s 00028000 08:01 16780495   /home/user/.grails/ivy-cache/org.grails/grails-plugin-controllers/jars/grails-plugin-controllers-2.1.1.jar
70b38000-70b3a000 r--s 00015000 08:01 16780494   /home/user/.grails/ivy-cache/org.grails/grails-plugin-codecs/jars/grails-plugin-codecs-2.1.1.jar
70b3a000-70b3f000 r--s 00041000 08:01 16779533   /home/user/.grails/ivy-cache/commons-lang/commons-lang/jars/commons-lang-2.6.jar
70b3f000-70b42000 r--s 00025000 08:01 16779531   /home/user/.grails/ivy-cache/commons-io/commons-io/jars/commons-io-2.1.jar
70b42000-70b50000 r--s 0007f000 08:01 16779529   /home/user/.grails/ivy-cache/commons-collections/commons-collections/jars/commons-collections-3.2.1.jar
70b50000-70b52000 r--s 00010000 08:01 16779527   /home/user/.grails/ivy-cache/commons-codec/commons-codec/jars/commons-codec-1.5.jar
70b52000-70b54000 r--s 00000000 08:01 16779523   /home/user/.grails/ivy-cache/aopalliance/aopalliance/jars/aopalliance-1.0.jar
70b54000-70b57000 r--s 0001f000 08:01 16779521   /home/user/.grails/ivy-cache/commons-validator/commons-validator/jars/commons-validator-1.3.1.jar
70b57000-70b5a000 r--s 00019000 08:01 16779519   /home/user/.grails/ivy-cache/commons-el/commons-el/jars/commons-el-1.0.jar
70b5a000-70b5f000 r--s 00034000 08:01 16779517   /home/user/.grails/ivy-cache/commons-beanutils/commons-beanutils/jars/commons-beanutils-1.8.3.jar
70b5f000-70bbd000 r--s 00592000 08:01 16780489   /home/user/.grails/ivy-cache/org.codehaus.groovy/groovy-all/jars/groovy-all-1.8.8.jar
70bbd000-70bbf000 r--s 0000d000 08:01 16780555   /home/user/.grails/ivy-cache/org.grails/grails-plugin-tomcat/jars/grails-plugin-tomcat-2.1.1.jar
70bbf000-70bcf000 r--s 0019c000 08:01 16779741   /home/user/.grails/ivy-cache/org.eclipse.jdt.core.compiler/ecj/jars/ecj-3.7.2.jar
70bcf000-70bd1000 r--s 00008000 08:01 16780554   /home/user/.grails/ivy-cache/org.apache.tomcat.embed/tomcat-embed-logging-juli/jars/tomcat-embed-logging-juli-7.0.30.jar
70bd1000-70bd3000 r--s 00013000 08:01 16780410   /home/user/.grails/ivy-cache/org.apache.tomcat.embed/tomcat-embed-logging-log4j/jars/tomcat-embed-logging-log4j-7.0.30.jar
70bd3000-70bde000 r--s 000b6000 08:01 16780409   /home/user/.grails/ivy-cache/org.apache.tomcat.embed/tomcat-embed-jasper/jars/tomcat-embed-jasper-7.0.30.jar
70bde000-70c00000 r--s 00254000 08:01 16780408   /home/user/.grails/ivy-cache/org.apache.tomcat.embed/tomcat-embed-core/jars/tomcat-embed-core-7.0.30.jar
70c00000-70cf2000 rw-p 00000000 00:00 0 
70cf2000-70d00000 ---p 00000000 00:00 0 
70d00000-70dfb000 rw-p 00000000 00:00 0 
70dfb000-70e00000 ---p 00000000 00:00 0 
70e00000-70ef7000 rw-p 00000000 00:00 0 
70ef7000-70f00000 ---p 00000000 00:00 0 
70f00000-70ff9000 rw-p 00000000 00:00 0 
70ff9000-71000000 ---p 00000000 00:00 0 
71000000-710f7000 rw-p 00000000 00:00 0 
710f7000-71100000 ---p 00000000 00:00 0 
71100000-711ff000 rw-p 00000000 00:00 0 
711ff000-71200000 ---p 00000000 00:00 0 
71200000-713fe000 rw-p 00000000 00:00 0 
713fe000-71400000 ---p 00000000 00:00 0 
71400000-71600000 rw-p 00000000 00:00 0 
71600000-716fb000 rw-p 00000000 00:00 0 
716fb000-71700000 ---p 00000000 00:00 0 
71700000-71800000 rw-p 00000000 00:00 0 
71800000-719f9000 rw-p 00000000 00:00 0 
719f9000-71a00000 ---p 00000000 00:00 0 
71a00000-71c00000 rw-p 00000000 00:00 0 
71c00000-71e00000 rw-p 00000000 00:00 0 
71e00000-72000000 rw-p 00000000 00:00 0 
72000000-720f9000 rw-p 00000000 00:00 0 
720f9000-72100000 ---p 00000000 00:00 0 
72100000-72200000 rw-p 00000000 00:00 0 
72200000-722fc000 rw-p 00000000 00:00 0 
722fc000-72300000 ---p 00000000 00:00 0 
72300000-72400000 rw-p 00000000 00:00 0 
72400000-724ff000 rw-p 00000000 00:00 0 
724ff000-72500000 ---p 00000000 00:00 0 
72500000-725f3000 rw-p 00000000 00:00 0 
725f3000-72600000 ---p 00000000 00:00 0 
72600000-726fa000 rw-p 00000000 00:00 0 
726fa000-72700000 ---p 00000000 00:00 0 
72700000-72800000 rw-p 00000000 00:00 0 
72800000-72a00000 rw-p 00000000 00:00 0 
72a00000-72c00000 rw-p 00000000 00:00 0 
72c00000-72cfe000 rw-p 00000000 00:00 0 
72cfe000-72d00000 ---p 00000000 00:00 0 
72d00000-72dfd000 rw-p 00000000 00:00 0 
72dfd000-72e00000 ---p 00000000 00:00 0 
72e00000-72ffe000 rw-p 00000000 00:00 0 
72ffe000-73000000 ---p 00000000 00:00 0 
73000000-730fd000 rw-p 00000000 00:00 0 
730fd000-73100000 ---p 00000000 00:00 0 
73100000-731fd000 rw-p 00000000 00:00 0 
731fd000-73200000 ---p 00000000 00:00 0 
73200000-732fa000 rw-p 00000000 00:00 0 
732fa000-73300000 ---p 00000000 00:00 0 
73300000-733fe000 rw-p 00000000 00:00 0 
733fe000-73400000 ---p 00000000 00:00 0 
73400000-73402000 r--s 00009000 08:01 16780492   /home/user/.grails/ivy-cache/org.grails/grails-spring/jars/grails-spring-2.1.1.jar
73402000-7340c000 r--s 0008a000 08:01 16780491   /home/user/.grails/ivy-cache/org.grails/grails-hibernate/jars/grails-hibernate-2.1.1.jar
7340c000-7340e000 r--s 00009000 08:01 16780490   /home/user/.grails/ivy-cache/org.grails/grails-crud/jars/grails-crud-2.1.1.jar
7340e000-73414000 r--s 00027000 08:01 16779539   /home/user/.grails/ivy-cache/opensymphony/sitemesh/jars/sitemesh-2.4.jar
73414000-73419000 r--s 00015000 08:01 16779537   /home/user/.grails/ivy-cache/org.hibernate.javax.persistence/hibernate-jpa-2.0-api/jars/hibernate-jpa-2.0-api-1.0.1.Final.jar
73419000-7341b000 r--s 0000c000 08:01 16780553   /home/user/.grails/ivy-cache/org.apache.tomcat/tomcat-catalina-ant/jars/tomcat-catalina-ant-7.0.30.jar
7341b000-7341d000 r--s 00017000 08:01 16779209   /home/user/.grails/ivy-cache/org.apache.ant/ant-junit/jars/ant-junit-1.8.2.jar
7341d000-7341f000 r--s 00002000 08:01 16779207   /home/user/.grails/ivy-cache/org.apache.ant/ant-launcher/jars/ant-launcher-1.8.2.jar
7341f000-7343d000 r--s 001bb000 08:01 16779205   /home/user/.grails/ivy-cache/org.apache.ant/ant/jars/ant-1.8.2.jar
7343d000-73444000 r--s 00037000 08:01 16779647   /home/user/.grails/ivy-cache/junit/junit/jars/junit-4.10.jar
73444000-73447000 r--s 0000b000 08:01 16780401   /home/user/.grails/ivy-cache/com.googlecode.concurrentlinkedhashmap/concurrentlinkedhashmap-lru/jars/concurrentlinkedhashmap-lru-1.2_jdk5.jar
73447000-7344d000 r--s 00033000 08:01 16780400   /home/user/.grails/ivy-cache/org.springframework/spring-test/jars/spring-test-3.1.2.RELEASE.jar
7344d000-7344f000 r--s 00005000 08:01 16779201   /home/user/.grails/ivy-cache/org.slf4j/slf4j-api/jars/slf4j-api-1.6.2.jar
7344f000-7345c000 r--s 000b7000 08:01 16780399   /home/user/.grails/ivy-cache/org.grails/grails-web/jars/grails-web-2.1.1.jar
7345c000-7345f000 r--s 00026000 08:01 16780398   /home/user/.grails/ivy-cache/org.grails/grails-resources/jars/grails-resources-2.1.1.jar
7345f000-7346d000 r--s 000b5000 08:01 16780397   /home/user/.grails/ivy-cache/org.grails/grails-core/jars/grails-core-2.1.1.jar
7346d000-73478000 r--s 000fe000 08:01 16780396   /home/user/.grails/ivy-cache/org.grails/grails-scripts/jars/grails-scripts-2.1.1.jar
73478000-73481000 r--s 000a8000 08:01 16780395   /home/user/.grails/ivy-cache/org.grails/grails-bootstrap/jars/grails-bootstrap-2.1.1.jar
73481000-73484000 r--s 00044000 08:01 16780394   /home/user/.grails/ivy-cache/org.grails/grails-docs/jars/grails-docs-2.1.1.jar
73484000-73487000 r--s 00041000 08:01 16779193   /home/user/.grails/ivy-cache/xalan/serializer/jars/serializer-2.7.1.jar
73487000-7348a000 r--s 000cf000 08:01 16779191   /home/user/.grails/ivy-cache/net.java.dev.jna/jna/jars/jna-3.2.3.jar
7348a000-734af000 r--s 00172000 08:01 16779183   /home/user/.grails/ivy-cache/org.bouncycastle/bcprov-jdk15/jars/bcprov-jdk15-1.45.jar
734af000-734b2000 ---p 00000000 00:00 0 
734b2000-73500000 rw-p 00000000 00:00 0 
73500000-73600000 rw-p 00000000 00:00 0 
73600000-73601000 r--s 00000000 08:01 16780493   /home/user/.grails/ivy-cache/org.grails/grails-logging/jars/grails-logging-2.1.1.jar
73601000-73603000 r--s 00008000 08:01 16779189   /home/user/.grails/ivy-cache/org.fusesource.jansi/jansi/jars/jansi-1.2.1.jar
73603000-73612000 r--s 000d9000 08:01 16779187   /home/user/.grails/ivy-cache/org.apache.ivy/ivy/jars/ivy-2.2.0.jar
73612000-73614000 r--s 00015000 08:01 16779185   /home/user/.grails/ivy-cache/jline/jline/jars/jline-1.0.jar
73614000-73619000 r--s 00024000 08:01 16779181   /home/user/.grails/ivy-cache/org.bouncycastle/bcpg-jdk15/jars/bcpg-jdk15-1.45.jar
73619000-7361f000 r--s 00068000 08:01 16779177   /home/user/.grails/ivy-cache/com.google.protobuf/protobuf-java/jars/protobuf-java-2.4.1.jar
7361f000-73622000 r--s 0001a000 08:01 16779175   /home/user/.grails/ivy-cache/org.springframework.uaa/org.springframework.uaa.client/bundles/org.springframework.uaa.client-1.0.1.RELEASE.jar
73622000-73682000 r--s 00d92000 08:01 2498190    /usr/lib/jvm/java-6-openjdk/lib/tools.jar
73682000-73687000 r--s 00050000 08:01 17170564   /home/user/grails2/lib/org.codehaus.gant/gant_groovy1.8/jars/gant_groovy1.8-1.9.6.jar
73687000-736a5000 r--s 001bb000 08:01 17170486   /home/user/grails2/lib/org.apache.ant/ant/jars/ant-1.8.2.jar
736a5000-736b4000 r--s 000d9000 08:01 17170503   /home/user/grails2/lib/org.apache.ivy/ivy/jars/ivy-2.2.0.jar
736b4000-73712000 r--s 00592000 08:01 17170568   /home/user/grails2/lib/org.codehaus.groovy/groovy-all/jars/groovy-all-1.8.8.jar
73712000-73713000 ---p 00000000 00:00 0 
73713000-73793000 rw-p 00000000 00:00 0 
73793000-73796000 ---p 00000000 00:00 0 
73796000-737e4000 rw-p 00000000 00:00 0 
737e4000-737e7000 ---p 00000000 00:00 0 
737e7000-73865000 rw-p 00000000 00:00 0 
73865000-73868000 ---p 00000000 00:00 0 
73868000-738e6000 rw-p 00000000 00:00 0 
738e6000-738e9000 ---p 00000000 00:00 0 
738e9000-73937000 rw-p 00000000 00:00 0 
73937000-73a68000 r--p 0043d000 08:01 1973018    /usr/lib/locale/locale-archive
73a68000-73c68000 r--p 00000000 08:01 1973018    /usr/lib/locale/locale-archive
73c68000-73c6b000 ---p 00000000 00:00 0 
73c6b000-73cb9000 rw-p 00000000 00:00 0 
73cb9000-73cba000 ---p 00000000 00:00 0 
73cba000-73d6d000 rw-p 00000000 00:00 0 
73d6d000-73f00000 r--s 037db000 08:01 2097931    /usr/lib/jvm/java-6-openjdk/jre/lib/rt.jar
73f00000-74000000 rw-p 00000000 00:00 0 
74000000-74001000 r--s 00003000 08:01 16779535   /home/user/.grails/ivy-cache/javax.transaction/jta/jars/jta-1.1.jar
74001000-74003000 r--s 00001000 08:01 2097922    /usr/lib/jvm/java-6-openjdk/jre/lib/ext/dnsns.jar
74003000-74005000 r--s 00009000 08:01 17042937   /home/user/grails2/lib/commons-cli/commons-cli/jars/commons-cli-1.2.jar
74005000-74008000 r--s 000cf000 08:01 17170466   /home/user/grails2/lib/net.java.dev.jna/jna/jars/jna-3.2.3.jar
74008000-7400a000 r--s 00008000 08:01 17170577   /home/user/grails2/lib/org.fusesource.jansi/jansi/jars/jansi-1.2.1.jar
7400a000-7404a000 r--p 002bd000 08:01 1973018    /usr/lib/locale/locale-archive
7404a000-7404d000 ---p 00000000 00:00 0 
7404d000-7409b000 rw-p 00000000 00:00 0 
7409b000-7409c000 ---p 00000000 00:00 0 
7409c000-7411c000 rw-p 00000000 00:00 0 
7411c000-7411d000 ---p 00000000 00:00 0 
7411d000-7419d000 rw-p 00000000 00:00 0 
7419d000-7419e000 ---p 00000000 00:00 0 
7419e000-7421e000 rw-p 00000000 00:00 0 
7421e000-7421f000 ---p 00000000 00:00 0 
7421f000-7449f000 rw-p 00000000 00:00 0 
7449f000-b4620000 rw-p 00000000 00:00 0 
b4620000-b4621000 r--s 00001000 08:01 16779211   /home/user/.grails/ivy-cache/org.apache.ant/ant-trax/jars/ant-trax-1.7.1.jar
b4621000-b4624000 r--s 0007f000 08:01 2097929    /usr/lib/jvm/java-6-openjdk/jre/lib/jsse.jar
b4624000-b462d000 r--s 000a8000 08:01 14946020   /home/user/grails2/dist/grails-bootstrap-2.1.1.jar
b462d000-b463f000 rw-p 00000000 00:00 0 
b463f000-b46ed000 rw-p 00000000 00:00 0 
b46ed000-b4b35000 rwxp 00000000 00:00 0 
b4b35000-b76ed000 rw-p 00000000 00:00 0 
b76ed000-b76f0000 ---p 00000000 00:00 0 
b76f0000-b7741000 rw-p 00000000 00:00 0 
b7741000-b7742000 r--s 00003000 08:01 16779179   /home/user/.grails/ivy-cache/com.googlecode.json-simple/json-simple/jars/json-simple-1.1.jar
b7742000-b7744000 r--s 00015000 08:01 17170451   /home/user/grails2/lib/jline/jline/jars/jline-1.0.jar
b7744000-b7746000 r--s 0000f000 08:01 2097921    /usr/lib/jvm/java-6-openjdk/jre/lib/ext/pulse-java.jar
b7746000-b7747000 r--p 006a8000 08:01 1973018    /usr/lib/locale/locale-archive
b7747000-b774f000 rw-s 00000000 08:01 13893684   /tmp/hsperfdata_user/7449
b774f000-b7750000 rw-p 00000000 00:00 0 
b7750000-b7751000 r--p 00000000 00:00 0 
b7751000-b7753000 rw-p 00000000 00:00 0 
bfca1000-bfcc2000 rw-p 00000000 00:00 0          [stack]

VM Arguments:
jvm_args: -Xmx768M -Xms768M -XX:PermSize=256m -XX:MaxPermSize=256m -Dfile.encoding=UTF-8 -Dgrails.home=/home/user/grails2 -Dtools.jar=/usr/lib/jvm/java-6-openjdk/lib/tools.jar 
java_command: org.codehaus.groovy.grails.cli.support.GrailsStarter --main org.codehaus.groovy.grails.cli.GrailsScriptRunner --conf /home/user/grails2/conf/groovy-starter.conf --classpath   generate-all biblioteca.Autor
Launcher Type: SUN_STANDARD

Environment Variables:
JAVA_HOME=/usr/lib/jvm/java-6-openjdk
PATH=/usr/lib/lightdm/lightdm:/usr/local/sbin:/usr/local/bin:/usr/sbin:/usr/bin:/sbin:/bin:/usr/games:$GRAILS_HOME::/home/user/grails2/bin:/usr/lib/jvm/java-6-openjdk/bin
USERNAME=user
LD_LIBRARY_PATH=/usr/lib/jvm/java-6-openjdk/jre/lib/i386/server:/usr/lib/jvm/java-6-openjdk/jre/lib/i386:/usr/lib/jvm/java-6-openjdk/jre/../lib/i386
SHELL=/bin/bash
DISPLAY=:0

Signal Handlers:
SIGSEGV: [libjvm.so+0x66b7d0], sa_mask[0]=0x7ffbfeff, sa_flags=0x10000004
SIGBUS: [libjvm.so+0x66b7d0], sa_mask[0]=0x7ffbfeff, sa_flags=0x10000004
SIGFPE: [libjvm.so+0x52ebb0], sa_mask[0]=0x7ffbfeff, sa_flags=0x10000004
SIGPIPE: [libjvm.so+0x52ebb0], sa_mask[0]=0x7ffbfeff, sa_flags=0x10000004
SIGXFSZ: [libjvm.so+0x52ebb0], sa_mask[0]=0x7ffbfeff, sa_flags=0x10000004
SIGILL: [libjvm.so+0x52ebb0], sa_mask[0]=0x7ffbfeff, sa_flags=0x10000004
SIGUSR1: SIG_DFL, sa_mask[0]=0x00000000, sa_flags=0x00000000
SIGUSR2: [libjvm.so+0x52ea40], sa_mask[0]=0x00000000, sa_flags=0x10000004
SIGHUP: [libjvm.so+0x5319d0], sa_mask[0]=0x7ffbfeff, sa_flags=0x10000004
SIGINT: [libjvm.so+0x5319d0], sa_mask[0]=0x7ffbfeff, sa_flags=0x10000004
SIGTERM: [libjvm.so+0x5319d0], sa_mask[0]=0x7ffbfeff, sa_flags=0x10000004
SIGQUIT: [libjvm.so+0x5319d0], sa_mask[0]=0x7ffbfeff, sa_flags=0x10000004


---------------  S Y S T E M  ---------------

OS:Ubuntu 11.10 (oneiric)
uname:Linux 3.0.0-32-generic #51-Ubuntu SMP Thu Mar 21 15:51:26 UTC 2013 i686
libc:glibc 2.13 NPTL 2.13 
rlimit: STACK 8192k, CORE 0k, NPROC 14920, NOFILE 4096, AS infinity
load average:1.36 0.95 0.90

/proc/meminfo:
MemTotal:        1923868 kB
MemFree:          591192 kB
Buffers:           12844 kB
Cached:           364048 kB
SwapCached:        45920 kB
Active:           683516 kB
Inactive:         551352 kB
Active(anon):     567464 kB
Inactive(anon):   452760 kB
Active(file):     116052 kB
Inactive(file):    98592 kB
Unevictable:           0 kB
Mlocked:               0 kB
HighTotal:       1048072 kB
HighFree:          13360 kB
LowTotal:         875796 kB
LowFree:          577832 kB
SwapTotal:       1955836 kB
SwapFree:        1464528 kB
Dirty:               344 kB
Writeback:             0 kB
AnonPages:        837236 kB
Mapped:            78904 kB
Shmem:            162248 kB
Slab:              42372 kB
SReclaimable:      17196 kB
SUnreclaim:        25176 kB
KernelStack:        3352 kB
PageTables:        11348 kB
NFS_Unstable:          0 kB
Bounce:                0 kB
WritebackTmp:          0 kB
CommitLimit:     2917768 kB
Committed_AS:    4396132 kB
VmallocTotal:     122880 kB
VmallocUsed:       40504 kB
VmallocChunk:      81180 kB
HardwareCorrupted:     0 kB
AnonHugePages:         0 kB
HugePages_Total:       0
HugePages_Free:        0
HugePages_Rsvd:        0
HugePages_Surp:        0
Hugepagesize:       4096 kB
DirectMap4k:       16376 kB
DirectMap4M:      892928 kB


CPU:total 4 (2 cores per cpu, 2 threads per core) family 6 model 37 stepping 5, cmov, cx8, fxsr, mmx, sse, sse2, sse3, ssse3, sse4.1, sse4.2, popcnt, ht

Memory: 4k page, physical 1923868k(591192k free), swap 1955836k(1464528k free)

vm_info: OpenJDK Server VM (20.0-b12) for linux-x86 JRE (1.6.0_27-b27), built on Apr 25 2013 15:15:32 by "buildd" with gcc 4.6.1

time: Wed Jun  5 14:52:59 2013
elapsed time: 9 seconds

