#
# A fatal error has been detected by the Java Runtime Environment:
#
#  SIGSEGV (0xb) at pc=0xb47e57eb, pid=3408, tid=3078531952
#
# JRE version: 6.0_27-b27
# Java VM: OpenJDK Server VM (20.0-b12 mixed mode linux-x86 )
# Derivative: IcedTea6 1.12.5
# Distribution: Ubuntu 11.10, package 6b27-1.12.5-0ubuntu0.11.10.1
# Problematic frame:
# J  groovyjarjarantlr.TokenBuffer.fill(I)V
#
# If you would like to submit a bug report, please include
# instructions how to reproduce the bug and visit:
#   https://bugs.launchpad.net/ubuntu/+source/openjdk-6/
#

---------------  T H R E A D  ---------------

Current thread (0x088ab400):  JavaThread "main" [_thread_in_Java, id=3417, stack(0xb779a000,0xb77eb000)]

siginfo:si_signo=SIGSEGV: si_errno=0, si_code=128 (), si_addr=0x00000000

Registers:
EAX=0xa52a4e50, EBX=0xa52a4e08, ECX=0xa52a3b30, EDX=0x00000002
ESP=0xb77d4e10, EBP=0x00000000, ESI=0xb77d4e70, EDI=0x00000000
EIP=0xb47e57eb, EFLAGS=0x00010293, CR2=0x00000004

Top of Stack: (sp=0xb77d4e10)
0xb77d4e10:   b479cee1 a52fb140 b77d4e18 00000002
0xb77d4e20:   a52a4e08 a52a4e30 a52a4e50 b4b99a68
0xb77d4e30:   088ab520 b77d4e38 a52a4e30 b4975950
0xb77d4e40:   00000002 01723ff4 00000001 75052a08
0xb77d4e50:   00000031 a52fb280 b77d4e9c b479d005
0xb77d4e60:   84c24440 75052a08 b77d4e9c b479d005
0xb77d4e70:   00000002 a52a4db8 84ad5bf0 b77d4e7c
0xb77d4e80:   7503f8d6 b77d4ed0 7504ab20 00000000 

Instructions: (pc=0xb47e57eb)
0xb47e57cb:   00 00 33 ff 89 3c 24 90 e8 08 19 fe ff 8b fd 8b
0xb47e57db:   5d 08 8b 53 20 8b 4a 08 89 4b 38 eb 32 66 66 90
0xb47e57eb:   e8 3c d6 4f 00 8b 68 08 8b 4c 24 10 8b 59 08 0f
0xb47e57fb:   b6 4b 3e 85 c9 74 13 81 fd cb 00 00 00 7c 0b 81 

Register to memory mapping:

EAX=0xa52a4e50 is an oop
groovyjarjarantlr.TokenQueue 
 - klass: 'groovyjarjarantlr/TokenQueue'
EBX=0xa52a4e08 is an oop
org.codehaus.groovy.antlr.parser.GroovyLexer$1 
 - klass: 'org/codehaus/groovy/antlr/parser/GroovyLexer$1'
ECX=0xa52a3b30 is an oop
org.codehaus.groovy.antlr.parser.GroovyLexer 
 - klass: 'org/codehaus/groovy/antlr/parser/GroovyLexer'
EDX=0x00000002 is an unknown value
ESP=0xb77d4e10 is pointing into the stack for thread: 0x088ab400
EBP=0x00000000 is an unknown value
ESI=0xb77d4e70 is pointing into the stack for thread: 0x088ab400
EDI=0x00000000 is an unknown value


Stack: [0xb779a000,0xb77eb000],  sp=0xb77d4e10,  free space=235k
Native frames: (J=compiled Java code, j=interpreted, Vv=VM code, C=native code)
J  groovyjarjarantlr.TokenBuffer.fill(I)V

[error occurred during error reporting (printing native stack), id 0xb]


---------------  P R O C E S S  ---------------

Java Threads: ( => current thread )
  0x09df2400 JavaThread "pool-2-thread-1" [_thread_in_native, id=3441, stack(0x6f1ad000,0x6f1fe000)]
  0x0a481c00 JavaThread "Synchronizer (Spring UAA/1.0.1)" daemon [_thread_blocked, id=3440, stack(0x713af000,0x71400000)]
  0x0a592000 JavaThread "Timer-0" daemon [_thread_blocked, id=3439, stack(0x7344f000,0x734a0000)]
  0x74000c00 JavaThread "Low Memory Detector" daemon [_thread_blocked, id=3428, stack(0x736a9000,0x736fa000)]
  0x73e4d800 JavaThread "C2 CompilerThread1" daemon [_thread_blocked, id=3427, stack(0x736fa000,0x7377b000)]
  0x73e3b800 JavaThread "C2 CompilerThread0" daemon [_thread_blocked, id=3426, stack(0x7377b000,0x737fc000)]
  0x73e10000 JavaThread "Signal Dispatcher" daemon [_thread_blocked, id=3425, stack(0x7385a000,0x738ab000)]
  0x73e00800 JavaThread "Finalizer" daemon [_thread_blocked, id=3424, stack(0x73c1c000,0x73c6d000)]
  0x08956c00 JavaThread "Reference Handler" daemon [_thread_blocked, id=3423, stack(0x73f2e000,0x73f7f000)]
=>0x088ab400 JavaThread "main" [_thread_in_Java, id=3417, stack(0xb779a000,0xb77eb000)]

Other Threads:
  0x08953c00 VMThread [stack: 0x73f7f000,0x74000000] [id=3422]
  0x74002c00 WatcherThread [stack: 0x73628000,0x736a9000] [id=3429]

VM state:not at safepoint (normal execution)

VM Mutex/Monitor currently owned by a thread: None

Heap
 PSYoungGen      total 223040K, used 31108K [0xa46d0000, 0xb46d0000, 0xb46d0000)
  eden space 198528K, 6% used [0xa46d0000,0xa53c2518,0xb08b0000)
  from space 24512K, 72% used [0xb2ee0000,0xb404ece0,0xb46d0000)
  to   space 31808K, 0% used [0xb08b0000,0xb08b0000,0xb27c0000)
 PSOldGen        total 524288K, used 16677K [0x846d0000, 0xa46d0000, 0xa46d0000)
  object space 524288K, 3% used [0x846d0000,0x85719528,0xa46d0000)
 PSPermGen       total 262144K, used 24406K [0x746d0000, 0x846d0000, 0x846d0000)
  object space 262144K, 9% used [0x746d0000,0x75ea5a70,0x846d0000)

Code Cache  [0xb479a000, 0xb4cfa000, 0xb779a000)
 total_blobs=1332 nmethods=944 adapters=341 free_code_cache=44804672 largest_free_block=26752

Dynamic libraries:
00110000-0012c000 r-xp 00000000 08:01 15074234   /lib/i386-linux-gnu/libgcc_s.so.1
0012c000-0012d000 r--p 0001b000 08:01 15074234   /lib/i386-linux-gnu/libgcc_s.so.1
0012d000-0012e000 rw-p 0001c000 08:01 15074234   /lib/i386-linux-gnu/libgcc_s.so.1
0012e000-00135000 r-xp 00000000 08:01 15073427   /lib/i386-linux-gnu/librt-2.13.so
00135000-00136000 r--p 00006000 08:01 15073427   /lib/i386-linux-gnu/librt-2.13.so
00136000-00137000 rw-p 00007000 08:01 15073427   /lib/i386-linux-gnu/librt-2.13.so
00137000-00141000 r-xp 00000000 08:01 15073433   /lib/i386-linux-gnu/libnss_nis-2.13.so
00141000-00142000 r--p 00009000 08:01 15073433   /lib/i386-linux-gnu/libnss_nis-2.13.so
00142000-00143000 rw-p 0000a000 08:01 15073433   /lib/i386-linux-gnu/libnss_nis-2.13.so
00143000-00154000 r-xp 00000000 08:01 13893690   /tmp/jna1312048117258063296.tmp
00154000-00155000 rw-p 00011000 08:01 13893690   /tmp/jna1312048117258063296.tmp
00155000-00175000 r-xp 00000000 08:01 1966339    /usr/lib/i386-linux-gnu/libnssutil3.so
00175000-00176000 ---p 00020000 08:01 1966339    /usr/lib/i386-linux-gnu/libnssutil3.so
00176000-00179000 r--p 00020000 08:01 1966339    /usr/lib/i386-linux-gnu/libnssutil3.so
00179000-0017a000 rw-p 00023000 08:01 1966339    /usr/lib/i386-linux-gnu/libnssutil3.so
0017a000-0017e000 r-xp 00000000 08:01 1974366    /usr/lib/i386-linux-gnu/libplc4.so
0017e000-0017f000 r--p 00003000 08:01 1974366    /usr/lib/i386-linux-gnu/libplc4.so
0017f000-00180000 rw-p 00004000 08:01 1974366    /usr/lib/i386-linux-gnu/libplc4.so
00180000-001b8000 r-xp 00000000 08:01 1974365    /usr/lib/i386-linux-gnu/libnspr4.so
001b8000-001b9000 r--p 00037000 08:01 1974365    /usr/lib/i386-linux-gnu/libnspr4.so
001b9000-001ba000 rw-p 00038000 08:01 1974365    /usr/lib/i386-linux-gnu/libnspr4.so
001ba000-001bc000 rw-p 00000000 00:00 0 
001bc000-001be000 r-xp 00000000 08:01 15073346   /lib/libnss_mdns4_minimal.so.2
001be000-001bf000 r--p 00001000 08:01 15073346   /lib/libnss_mdns4_minimal.so.2
001bf000-001c0000 rw-p 00002000 08:01 15073346   /lib/libnss_mdns4_minimal.so.2
001c0000-001c5000 r-xp 00000000 08:01 15073429   /lib/i386-linux-gnu/libnss_dns-2.13.so
001c5000-001c6000 r--p 00004000 08:01 15073429   /lib/i386-linux-gnu/libnss_dns-2.13.so
001c6000-001c7000 rw-p 00005000 08:01 15073429   /lib/i386-linux-gnu/libnss_dns-2.13.so
001c7000-001da000 r-xp 00000000 08:01 15073424   /lib/i386-linux-gnu/libresolv-2.13.so
001da000-001db000 r--p 00012000 08:01 15073424   /lib/i386-linux-gnu/libresolv-2.13.so
001db000-001dc000 rw-p 00013000 08:01 15073424   /lib/i386-linux-gnu/libresolv-2.13.so
001dc000-001de000 rw-p 00000000 00:00 0 
001df000-001fd000 r-xp 00000000 08:01 15077253   /lib/i386-linux-gnu/ld-2.13.so
001fd000-001fe000 r--p 0001d000 08:01 15077253   /lib/i386-linux-gnu/ld-2.13.so
001fe000-001ff000 rw-p 0001e000 08:01 15077253   /lib/i386-linux-gnu/ld-2.13.so
001ff000-002dd000 r-xp 00000000 08:01 1971607    /usr/lib/i386-linux-gnu/libstdc++.so.6.0.16
002dd000-002de000 ---p 000de000 08:01 1971607    /usr/lib/i386-linux-gnu/libstdc++.so.6.0.16
002de000-002e2000 r--p 000de000 08:01 1971607    /usr/lib/i386-linux-gnu/libstdc++.so.6.0.16
002e2000-002e3000 rw-p 000e2000 08:01 1971607    /usr/lib/i386-linux-gnu/libstdc++.so.6.0.16
002e3000-002ea000 rw-p 00000000 00:00 0 
002ea000-0032a000 r-xp 00000000 08:01 1967220    /usr/lib/i386-linux-gnu/nss/libsoftokn3.so
0032a000-0032b000 r--p 00040000 08:01 1967220    /usr/lib/i386-linux-gnu/nss/libsoftokn3.so
0032b000-0032c000 rw-p 00041000 08:01 1967220    /usr/lib/i386-linux-gnu/nss/libsoftokn3.so
0032c000-003ca000 r-xp 00000000 08:01 1971602    /usr/lib/i386-linux-gnu/libsqlite3.so.0.8.6
003ca000-003cb000 ---p 0009e000 08:01 1971602    /usr/lib/i386-linux-gnu/libsqlite3.so.0.8.6
003cb000-003cc000 r--p 0009e000 08:01 1971602    /usr/lib/i386-linux-gnu/libsqlite3.so.0.8.6
003cc000-003cd000 rw-p 0009f000 08:01 1971602    /usr/lib/i386-linux-gnu/libsqlite3.so.0.8.6
003cd000-003ce000 rw-p 00000000 00:00 0 
00415000-0041c000 r-xp 00000000 08:01 2366564    /usr/lib/jvm/java-6-openjdk/jre/lib/i386/libzip.so
0041c000-0041d000 r--p 00006000 08:01 2366564    /usr/lib/jvm/java-6-openjdk/jre/lib/i386/libzip.so
0041d000-0041e000 rw-p 00007000 08:01 2366564    /usr/lib/jvm/java-6-openjdk/jre/lib/i386/libzip.so
00472000-00487000 r-xp 00000000 08:01 15073430   /lib/i386-linux-gnu/libnsl-2.13.so
00487000-00488000 r--p 00015000 08:01 15073430   /lib/i386-linux-gnu/libnsl-2.13.so
00488000-00489000 rw-p 00016000 08:01 15073430   /lib/i386-linux-gnu/libnsl-2.13.so
00489000-0048b000 rw-p 00000000 00:00 0 
004c6000-004ce000 r-xp 00000000 08:01 15073434   /lib/i386-linux-gnu/libnss_compat-2.13.so
004ce000-004cf000 r--p 00007000 08:01 15073434   /lib/i386-linux-gnu/libnss_compat-2.13.so
004cf000-004d0000 rw-p 00008000 08:01 15073434   /lib/i386-linux-gnu/libnss_compat-2.13.so
004f5000-004f8000 r-xp 00000000 08:01 15074342   /lib/i386-linux-gnu/libdl-2.13.so
004f8000-004f9000 r--p 00002000 08:01 15074342   /lib/i386-linux-gnu/libdl-2.13.so
004f9000-004fa000 rw-p 00003000 08:01 15074342   /lib/i386-linux-gnu/libdl-2.13.so
004fa000-00554000 r-xp 00000000 08:01 1968649    /usr/lib/i386-linux-gnu/nss/libfreebl3.so
00554000-00555000 ---p 0005a000 08:01 1968649    /usr/lib/i386-linux-gnu/nss/libfreebl3.so
00555000-00556000 r--p 0005a000 08:01 1968649    /usr/lib/i386-linux-gnu/nss/libfreebl3.so
00556000-00557000 rw-p 0005b000 08:01 1968649    /usr/lib/i386-linux-gnu/nss/libfreebl3.so
00557000-0055b000 rw-p 00000000 00:00 0 
005e1000-005f6000 r-xp 00000000 08:01 2366578    /usr/lib/jvm/java-6-openjdk/jre/lib/i386/libnet.so
005f6000-005f7000 r--p 00014000 08:01 2366578    /usr/lib/jvm/java-6-openjdk/jre/lib/i386/libnet.so
005f7000-005f8000 rw-p 00015000 08:01 2366578    /usr/lib/jvm/java-6-openjdk/jre/lib/i386/libnet.so
0062b000-00651000 r-xp 00000000 08:01 2366584    /usr/lib/jvm/java-6-openjdk/jre/lib/i386/libjava.so
00651000-00652000 r--p 00025000 08:01 2366584    /usr/lib/jvm/java-6-openjdk/jre/lib/i386/libjava.so
00652000-00654000 rw-p 00026000 08:01 2366584    /usr/lib/jvm/java-6-openjdk/jre/lib/i386/libjava.so
006a9000-006d1000 r-xp 00000000 08:01 15074344   /lib/i386-linux-gnu/libm-2.13.so
006d1000-006d2000 r--p 00028000 08:01 15074344   /lib/i386-linux-gnu/libm-2.13.so
006d2000-006d3000 rw-p 00029000 08:01 15074344   /lib/i386-linux-gnu/libm-2.13.so
0073e000-0074f000 r-xp 00000000 08:01 2366562    /usr/lib/jvm/java-6-openjdk/jre/lib/i386/libj2pkcs11.so
0074f000-00750000 r--p 00010000 08:01 2366562    /usr/lib/jvm/java-6-openjdk/jre/lib/i386/libj2pkcs11.so
00750000-00751000 rw-p 00011000 08:01 2366562    /usr/lib/jvm/java-6-openjdk/jre/lib/i386/libj2pkcs11.so
00751000-0088f000 r-xp 00000000 08:01 1966340    /usr/lib/i386-linux-gnu/libnss3.so
0088f000-00892000 r--p 0013d000 08:01 1966340    /usr/lib/i386-linux-gnu/libnss3.so
00892000-00894000 rw-p 00140000 08:01 1966340    /usr/lib/i386-linux-gnu/libnss3.so
0089e000-008b5000 r-xp 00000000 08:01 15073439   /lib/i386-linux-gnu/libpthread-2.13.so
008b5000-008b6000 r--p 00016000 08:01 15073439   /lib/i386-linux-gnu/libpthread-2.13.so
008b6000-008b7000 rw-p 00017000 08:01 15073439   /lib/i386-linux-gnu/libpthread-2.13.so
008b7000-008b9000 rw-p 00000000 00:00 0 
0095b000-00966000 r-xp 00000000 08:01 15077396   /lib/i386-linux-gnu/libnss_files-2.13.so
00966000-00967000 r--p 0000a000 08:01 15077396   /lib/i386-linux-gnu/libnss_files-2.13.so
00967000-00968000 rw-p 0000b000 08:01 15077396   /lib/i386-linux-gnu/libnss_files-2.13.so
00984000-00b00000 r-xp 00000000 08:01 15073425   /lib/i386-linux-gnu/libc-2.13.so
00b00000-00b02000 r--p 0017c000 08:01 15073425   /lib/i386-linux-gnu/libc-2.13.so
00b02000-00b03000 rw-p 0017e000 08:01 15073425   /lib/i386-linux-gnu/libc-2.13.so
00b03000-00b06000 rw-p 00000000 00:00 0 
00b9d000-00bb0000 r-xp 00000000 08:01 15074296   /lib/i386-linux-gnu/libz.so.1.2.3.4
00bb0000-00bb1000 r--p 00012000 08:01 15074296   /lib/i386-linux-gnu/libz.so.1.2.3.4
00bb1000-00bb2000 rw-p 00013000 08:01 15074296   /lib/i386-linux-gnu/libz.so.1.2.3.4
00c21000-00c2c000 r-xp 00000000 08:01 2366571    /usr/lib/jvm/java-6-openjdk/jre/lib/i386/libverify.so
00c2c000-00c2d000 ---p 0000b000 08:01 2366571    /usr/lib/jvm/java-6-openjdk/jre/lib/i386/libverify.so
00c2d000-00c2e000 r--p 0000b000 08:01 2366571    /usr/lib/jvm/java-6-openjdk/jre/lib/i386/libverify.so
00c2e000-00c2f000 rw-p 0000c000 08:01 2366571    /usr/lib/jvm/java-6-openjdk/jre/lib/i386/libverify.so
00c35000-00c3f000 r-xp 00000000 08:01 2366587    /usr/lib/jvm/java-6-openjdk/jre/lib/i386/libinstrument.so
00c3f000-00c40000 r--p 00009000 08:01 2366587    /usr/lib/jvm/java-6-openjdk/jre/lib/i386/libinstrument.so
00c40000-00c41000 rw-p 0000a000 08:01 2366587    /usr/lib/jvm/java-6-openjdk/jre/lib/i386/libinstrument.so
00e85000-00e88000 r-xp 00000000 08:01 1974367    /usr/lib/i386-linux-gnu/libplds4.so
00e88000-00e89000 r--p 00002000 08:01 1974367    /usr/lib/i386-linux-gnu/libplds4.so
00e89000-00e8a000 rw-p 00003000 08:01 1974367    /usr/lib/i386-linux-gnu/libplds4.so
00e9f000-00ea0000 r-xp 00000000 00:00 0          [vdso]
00eb9000-00ebd000 r-xp 00000000 08:01 2366580    /usr/lib/jvm/java-6-openjdk/jre/lib/i386/jli/libjli.so
00ebd000-00ebe000 r--p 00003000 08:01 2366580    /usr/lib/jvm/java-6-openjdk/jre/lib/i386/jli/libjli.so
00ebe000-00ebf000 rw-p 00004000 08:01 2366580    /usr/lib/jvm/java-6-openjdk/jre/lib/i386/jli/libjli.so
00ebf000-016df000 r-xp 00000000 08:01 2366566    /usr/lib/jvm/java-6-openjdk/jre/lib/i386/server/libjvm.so
016df000-01724000 r--p 0081f000 08:01 2366566    /usr/lib/jvm/java-6-openjdk/jre/lib/i386/server/libjvm.so
01724000-01733000 rw-p 00864000 08:01 2366566    /usr/lib/jvm/java-6-openjdk/jre/lib/i386/server/libjvm.so
01733000-01b4d000 rw-p 00000000 00:00 0 
08048000-08051000 r-xp 00000000 08:01 2366536    /usr/lib/jvm/java-6-openjdk/jre/bin/java
08051000-08052000 r--p 00008000 08:01 2366536    /usr/lib/jvm/java-6-openjdk/jre/bin/java
08052000-08053000 rw-p 00009000 08:01 2366536    /usr/lib/jvm/java-6-openjdk/jre/bin/java
088a3000-0c2eb000 rw-p 00000000 00:00 0          [heap]
6e500000-6e5f9000 rw-p 00000000 00:00 0 
6e5f9000-6e600000 ---p 00000000 00:00 0 
6e600000-6e6e4000 rw-p 00000000 00:00 0 
6e6e4000-6e700000 ---p 00000000 00:00 0 
6e700000-6e800000 rw-p 00000000 00:00 0 
6e801000-6e805000 r--s 00039000 08:01 2097917    /usr/lib/jvm/java-6-openjdk/jre/lib/ext/sunpkcs11.jar
6e805000-6e807000 r--s 00013000 08:01 2097928    /usr/lib/jvm/java-6-openjdk/jre/lib/jce.jar
6ea00000-6eafa000 rw-p 00000000 00:00 0 
6eafa000-6eb00000 ---p 00000000 00:00 0 
6eb00000-6ebfe000 rw-p 00000000 00:00 0 
6ebfe000-6ec00000 ---p 00000000 00:00 0 
6ec00000-6ecff000 rw-p 00000000 00:00 0 
6ecff000-6ed00000 ---p 00000000 00:00 0 
6ed00000-6edf3000 rw-p 00000000 00:00 0 
6edf3000-6ee00000 ---p 00000000 00:00 0 
6ee00000-6eee9000 rw-p 00000000 00:00 0 
6eee9000-6ef00000 ---p 00000000 00:00 0 
6f000000-6f100000 rw-p 00000000 00:00 0 
6f1ad000-6f1b0000 ---p 00000000 00:00 0 
6f1b0000-6f1fe000 rw-p 00000000 00:00 0 
6f200000-6f2ed000 rw-p 00000000 00:00 0 
6f2ed000-6f300000 ---p 00000000 00:00 0 
6f300000-6f3f6000 rw-p 00000000 00:00 0 
6f3f6000-6f400000 ---p 00000000 00:00 0 
6f400000-6f4e1000 rw-p 00000000 00:00 0 
6f4e1000-6f500000 ---p 00000000 00:00 0 
6f500000-6f5f0000 rw-p 00000000 00:00 0 
6f5f0000-6f600000 ---p 00000000 00:00 0 
6f600000-6f6f6000 rw-p 00000000 00:00 0 
6f6f6000-6f700000 ---p 00000000 00:00 0 
6f700000-6f7e7000 rw-p 00000000 00:00 0 
6f7e7000-6f800000 ---p 00000000 00:00 0 
6f800000-6f8ff000 rw-p 00000000 00:00 0 
6f8ff000-6f900000 ---p 00000000 00:00 0 
6f900000-6f9f4000 rw-p 00000000 00:00 0 
6f9f4000-6fa00000 ---p 00000000 00:00 0 
6fa00000-6faf9000 rw-p 00000000 00:00 0 
6faf9000-6fb00000 ---p 00000000 00:00 0 
6fb00000-6fbed000 rw-p 00000000 00:00 0 
6fbed000-6fc00000 ---p 00000000 00:00 0 
6fc00000-6fcef000 rw-p 00000000 00:00 0 
6fcef000-6fd00000 ---p 00000000 00:00 0 
6fd00000-6fdf1000 rw-p 00000000 00:00 0 
6fdf1000-6fe00000 ---p 00000000 00:00 0 
6fe00000-6fef8000 rw-p 00000000 00:00 0 
6fef8000-6ff00000 ---p 00000000 00:00 0 
6ff7e000-6ff82000 r--s 0002f000 08:01 16780527   /home/user/.grails/ivy-cache/org.grails/grails-test/jars/grails-test-2.1.1.jar
6ff82000-6ff88000 r--s 0006c000 08:01 16780526   /home/user/.grails/ivy-cache/org.grails/grails-plugin-testing/jars/grails-plugin-testing-2.1.1.jar
6ff88000-6ff99000 r--s 000d2000 08:01 16779839   /home/user/.grails/ivy-cache/org.liquibase/liquibase-core/jars/liquibase-core-2.0.5.jar
6ff99000-6ff9a000 r--s 00002000 08:01 16779833   /home/user/.grails/ivy-cache/org.hibernate/hibernate-ehcache/jars/hibernate-ehcache-3.6.10.Final.jar
6ff9a000-6ff9f000 r--s 00048000 08:01 16779831   /home/user/.grails/ivy-cache/dom4j/dom4j/jars/dom4j-1.6.1.jar
6ff9f000-6ffa4000 r--s 00068000 08:01 16779837   /home/user/.grails/ivy-cache/antlr/antlr/jars/antlr-2.7.7.jar
6ffa4000-6ffad000 r--s 00098000 08:01 16779835   /home/user/.grails/ivy-cache/org.javassist/javassist/jars/javassist-3.16.1-GA.jar
6ffad000-6ffb0000 r--s 00009000 08:01 16779829   /home/user/.grails/ivy-cache/javax.validation/validation-api/jars/validation-api-1.0.0.GA.jar
6ffb0000-6ffe2000 r--s 002c9000 08:01 16779827   /home/user/.grails/ivy-cache/org.hibernate/hibernate-core/jars/hibernate-core-3.6.10.Final.jar
6ffe2000-6ffeb000 r--s 0006d000 08:01 16779643   /home/user/.grails/ivy-cache/log4j/log4j/bundles/log4j-1.2.16.jar
6ffeb000-70000000 r--s 000e3000 08:01 16779641   /home/user/.grails/ivy-cache/net.sf.ehcache/ehcache-core/jars/ehcache-core-2.4.6.jar
70000000-70200000 rw-p 00000000 00:00 0 
70200000-70400000 rw-p 00000000 00:00 0 
70400000-70600000 rw-p 00000000 00:00 0 
70600000-70800000 rw-p 00000000 00:00 0 
70800000-70a00000 rw-p 00000000 00:00 0 
70a00000-70b00000 rw-p 00000000 00:00 0 
70b02000-70b09000 r--s 00040000 08:01 16779825   /home/user/.grails/ivy-cache/org.hibernate/hibernate-validator/jars/hibernate-validator-4.1.0.Final.jar
70b09000-70b0c000 r--s 0000f000 08:01 16779823   /home/user/.grails/ivy-cache/org.hibernate/hibernate-commons-annotations/jars/hibernate-commons-annotations-3.2.0.Final.jar
70b0c000-70b0e000 r--s 00000000 08:01 16779645   /home/user/.grails/ivy-cache/org.slf4j/jul-to-slf4j/jars/jul-to-slf4j-1.6.2.jar
70b0e000-70b10000 r--s 00003000 08:01 16779203   /home/user/.grails/ivy-cache/org.slf4j/jcl-over-slf4j/jars/jcl-over-slf4j-1.6.2.jar
70b10000-70b12000 r--s 00005000 08:01 16779639   /home/user/.grails/ivy-cache/xpp3/xpp3_min/jars/xpp3_min-1.1.4c.jar
70b12000-70b14000 r--s 00004000 08:01 16779637   /home/user/.grails/ivy-cache/javax.servlet/jstl/jars/jstl-1.1.2.jar
70b14000-70b1e000 r--s 0012c000 08:01 16779635   /home/user/.grails/ivy-cache/com.h2database/h2/jars/h2-1.3.164.jar
70b1e000-70b21000 r--s 00016000 08:01 16779633   /home/user/.grails/ivy-cache/commons-pool/commons-pool/jars/commons-pool-1.5.6.jar
70b21000-70b24000 r--s 00025000 08:01 16779631   /home/user/.grails/ivy-cache/commons-dbcp/commons-dbcp/jars/commons-dbcp-1.4.jar
70b24000-70b26000 r--s 0000e000 08:01 16779629   /home/user/.grails/ivy-cache/oro/oro/jars/oro-2.0.8.jar
70b26000-70b28000 r--s 0000d000 08:01 16779627   /home/user/.grails/ivy-cache/commons-fileupload/commons-fileupload/jars/commons-fileupload-1.2.2.jar
70b28000-70b29000 r--s 0000a000 08:01 16779625   /home/user/.grails/ivy-cache/asm/asm/jars/asm-3.1.jar
70b29000-70b30000 r--s 0003e000 08:01 16779623   /home/user/.grails/ivy-cache/cglib/cglib/jars/cglib-2.2.jar
70b30000-70b34000 r--s 00019000 08:01 16779621   /home/user/.grails/ivy-cache/org.aspectj/aspectjrt/jars/aspectjrt-1.6.10.jar
70b34000-70b4a000 r--s 00184000 08:01 16779619   /home/user/.grails/ivy-cache/org.aspectj/aspectjweaver/jars/aspectjweaver-1.6.10.jar
70b4a000-70b51000 r--s 00056000 08:01 16780525   /home/user/.grails/ivy-cache/org.grails/grails-datastore-simple/jars/grails-datastore-simple-1.1.0.RELEASE.jar
70b51000-70b5a000 r--s 00044000 08:01 16780524   /home/user/.grails/ivy-cache/org.grails/grails-datastore-core/jars/grails-datastore-core-1.1.0.RELEASE.jar
70b5a000-70b5f000 r--s 0004c000 08:01 16780523   /home/user/.grails/ivy-cache/org.grails/grails-datastore-gorm/jars/grails-datastore-gorm-1.1.0.RELEASE.jar
70b5f000-70b6a000 r--s 00082000 08:01 16780522   /home/user/.grails/ivy-cache/org.springframework/spring-webmvc/jars/spring-webmvc-3.1.2.RELEASE.jar
70b6a000-70b76000 r--s 0007a000 08:01 16780521   /home/user/.grails/ivy-cache/org.springframework/spring-web/jars/spring-web-3.1.2.RELEASE.jar
70b76000-70b7d000 r--s 00035000 08:01 16780520   /home/user/.grails/ivy-cache/org.springframework/spring-tx/jars/spring-tx-3.1.2.RELEASE.jar
70b7d000-70b86000 r--s 00054000 08:01 16780519   /home/user/.grails/ivy-cache/org.springframework/spring-orm/jars/spring-orm-3.1.2.RELEASE.jar
70b86000-70b8b000 r--s 0002c000 08:01 16780518   /home/user/.grails/ivy-cache/org.springframework/spring-jms/jars/spring-jms-3.1.2.RELEASE.jar
70b8b000-70b95000 r--s 00059000 08:01 16780517   /home/user/.grails/ivy-cache/org.springframework/spring-jdbc/jars/spring-jdbc-3.1.2.RELEASE.jar
70b95000-70b99000 r--s 00027000 08:01 16780516   /home/user/.grails/ivy-cache/org.springframework/spring-expression/jars/spring-expression-3.1.2.RELEASE.jar
70b99000-70b9c000 r--s 00018000 08:01 16780515   /home/user/.grails/ivy-cache/org.springframework/spring-context-support/jars/spring-context-support-3.1.2.RELEASE.jar
70b9c000-70bb1000 r--s 000b7000 08:01 16780514   /home/user/.grails/ivy-cache/org.springframework/spring-context/jars/spring-context-3.1.2.RELEASE.jar
70bb1000-70bbd000 r--s 00085000 08:01 16780513   /home/user/.grails/ivy-cache/org.springframework/spring-beans/jars/spring-beans-3.1.2.RELEASE.jar
70bbd000-70bbe000 r--s 0000c000 08:01 16780512   /home/user/.grails/ivy-cache/org.springframework/spring-asm/jars/spring-asm-3.1.2.RELEASE.jar
70bbe000-70bc0000 r--s 0000b000 08:01 16780511   /home/user/.grails/ivy-cache/org.springframework/spring-aspects/jars/spring-aspects-3.1.2.RELEASE.jar
70bc0000-70bc9000 r--s 00049000 08:01 16780510   /home/user/.grails/ivy-cache/org.springframework/spring-aop/jars/spring-aop-3.1.2.RELEASE.jar
70bc9000-70bd3000 r--s 00064000 08:01 16780509   /home/user/.grails/ivy-cache/org.springframework/spring-core/jars/spring-core-3.1.2.RELEASE.jar
70bd3000-70bd5000 r--s 00008000 08:01 16780508   /home/user/.grails/ivy-cache/org.grails/grails-plugin-validation/jars/grails-plugin-validation-2.1.1.jar
70bd5000-70bd8000 r--s 0001c000 08:01 16780507   /home/user/.grails/ivy-cache/org.grails/grails-plugin-url-mappings/jars/grails-plugin-url-mappings-2.1.1.jar
70bd8000-70bda000 r--s 0000f000 08:01 16780506   /home/user/.grails/ivy-cache/org.grails/grails-plugin-mimetypes/jars/grails-plugin-mimetypes-2.1.1.jar
70bda000-70bdc000 r--s 00006000 08:01 16780503   /home/user/.grails/ivy-cache/org.grails/grails-plugin-scaffolding/jars/grails-plugin-scaffolding-2.1.1.jar
70bdc000-70bde000 r--s 0000e000 08:01 16780502   /home/user/.grails/ivy-cache/org.grails/grails-plugin-log4j/jars/grails-plugin-log4j-2.1.1.jar
70bde000-70be0000 r--s 00005000 08:01 16780501   /home/user/.grails/ivy-cache/org.grails/grails-plugin-i18n/jars/grails-plugin-i18n-2.1.1.jar
70be0000-70be7000 r--s 0006d000 08:01 16780500   /home/user/.grails/ivy-cache/org.grails/grails-plugin-gsp/jars/grails-plugin-gsp-2.1.1.jar
70be7000-70be9000 r--s 0000e000 08:01 16780499   /home/user/.grails/ivy-cache/org.grails/grails-plugin-filters/jars/grails-plugin-filters-2.1.1.jar
70be9000-70beb000 r--s 00009000 08:01 16780498   /home/user/.grails/ivy-cache/org.grails/grails-plugin-datasource/jars/grails-plugin-datasource-2.1.1.jar
70beb000-70bef000 r--s 00024000 08:01 16780497   /home/user/.grails/ivy-cache/org.grails/grails-plugin-converters/jars/grails-plugin-converters-2.1.1.jar
70bef000-70bf2000 r--s 00019000 08:01 16780496   /home/user/.grails/ivy-cache/org.grails/grails-plugin-domain-class/jars/grails-plugin-domain-class-2.1.1.jar
70bf2000-70bf6000 r--s 00028000 08:01 16780495   /home/user/.grails/ivy-cache/org.grails/grails-plugin-controllers/jars/grails-plugin-controllers-2.1.1.jar
70bf6000-70c00000 r--s 0008a000 08:01 16780491   /home/user/.grails/ivy-cache/org.grails/grails-hibernate/jars/grails-hibernate-2.1.1.jar
70c00000-70cf9000 rw-p 00000000 00:00 0 
70cf9000-70d00000 ---p 00000000 00:00 0 
70d00000-70dfb000 rw-p 00000000 00:00 0 
70dfb000-70e00000 ---p 00000000 00:00 0 
70e00000-70fe6000 rw-p 00000000 00:00 0 
70fe6000-71000000 ---p 00000000 00:00 0 
71000000-710f8000 rw-p 00000000 00:00 0 
710f8000-71100000 ---p 00000000 00:00 0 
71100000-711fd000 rw-p 00000000 00:00 0 
711fd000-71200000 ---p 00000000 00:00 0 
71200000-712ff000 rw-p 00000000 00:00 0 
712ff000-71300000 ---p 00000000 00:00 0 
71300000-71302000 r--s 00005000 08:01 16780505   /home/user/.grails/ivy-cache/org.grails/grails-plugin-servlets/jars/grails-plugin-servlets-2.1.1.jar
71302000-71304000 r--s 00015000 08:01 16780494   /home/user/.grails/ivy-cache/org.grails/grails-plugin-codecs/jars/grails-plugin-codecs-2.1.1.jar
71304000-71305000 r--s 00000000 08:01 16780493   /home/user/.grails/ivy-cache/org.grails/grails-logging/jars/grails-logging-2.1.1.jar
71305000-71307000 r--s 00009000 08:01 16780492   /home/user/.grails/ivy-cache/org.grails/grails-spring/jars/grails-spring-2.1.1.jar
71307000-71309000 r--s 00009000 08:01 16780490   /home/user/.grails/ivy-cache/org.grails/grails-crud/jars/grails-crud-2.1.1.jar
71309000-7130f000 r--s 00027000 08:01 16779539   /home/user/.grails/ivy-cache/opensymphony/sitemesh/jars/sitemesh-2.4.jar
7130f000-71314000 r--s 00015000 08:01 16779537   /home/user/.grails/ivy-cache/org.hibernate.javax.persistence/hibernate-jpa-2.0-api/jars/hibernate-jpa-2.0-api-1.0.1.Final.jar
71314000-71315000 r--s 00003000 08:01 16779535   /home/user/.grails/ivy-cache/javax.transaction/jta/jars/jta-1.1.jar
71315000-7131a000 r--s 00041000 08:01 16779533   /home/user/.grails/ivy-cache/commons-lang/commons-lang/jars/commons-lang-2.6.jar
7131a000-7131d000 r--s 00025000 08:01 16779531   /home/user/.grails/ivy-cache/commons-io/commons-io/jars/commons-io-2.1.jar
7137d000-71380000 r--s 00031000 08:01 2097920    /usr/lib/jvm/java-6-openjdk/jre/lib/ext/sunjce_provider.jar
7139d000-713a3000 r--s 000fc000 08:01 2097916    /usr/lib/jvm/java-6-openjdk/jre/lib/resources.jar
713af000-713b2000 ---p 00000000 00:00 0 
713b2000-71400000 rw-p 00000000 00:00 0 
71400000-71600000 rw-p 00000000 00:00 0 
71600000-716f8000 rw-p 00000000 00:00 0 
716f8000-71700000 ---p 00000000 00:00 0 
71700000-71800000 rw-p 00000000 00:00 0 
71800000-71900000 rw-p 00000000 00:00 0 
71900000-71a00000 rw-p 00000000 00:00 0 
71a00000-71c00000 rw-p 00000000 00:00 0 
71c00000-71cfe000 rw-p 00000000 00:00 0 
71cfe000-71d00000 ---p 00000000 00:00 0 
71d00000-71e00000 rw-p 00000000 00:00 0 
71e00000-72000000 rw-p 00000000 00:00 0 
72000000-72100000 rw-p 00000000 00:00 0 
72100000-72200000 rw-p 00000000 00:00 0 
72200000-722fc000 rw-p 00000000 00:00 0 
722fc000-72300000 ---p 00000000 00:00 0 
72300000-72400000 rw-p 00000000 00:00 0 
72400000-72500000 rw-p 00000000 00:00 0 
72500000-72600000 rw-p 00000000 00:00 0 
72601000-7260f000 r--s 0007f000 08:01 16779529   /home/user/.grails/ivy-cache/commons-collections/commons-collections/jars/commons-collections-3.2.1.jar
7260f000-72611000 r--s 00010000 08:01 16779527   /home/user/.grails/ivy-cache/commons-codec/commons-codec/jars/commons-codec-1.5.jar
72611000-72613000 r--s 00000000 08:01 16779523   /home/user/.grails/ivy-cache/aopalliance/aopalliance/jars/aopalliance-1.0.jar
72613000-72616000 r--s 0001f000 08:01 16779521   /home/user/.grails/ivy-cache/commons-validator/commons-validator/jars/commons-validator-1.3.1.jar
72616000-72619000 r--s 00019000 08:01 16779519   /home/user/.grails/ivy-cache/commons-el/commons-el/jars/commons-el-1.0.jar
72619000-7261e000 r--s 00034000 08:01 16779517   /home/user/.grails/ivy-cache/commons-beanutils/commons-beanutils/jars/commons-beanutils-1.8.3.jar
7261e000-7267c000 r--s 00592000 08:01 16780489   /home/user/.grails/ivy-cache/org.codehaus.groovy/groovy-all/jars/groovy-all-1.8.8.jar
7267c000-7267e000 r--s 0000d000 08:01 16780555   /home/user/.grails/ivy-cache/org.grails/grails-plugin-tomcat/jars/grails-plugin-tomcat-2.1.1.jar
7267e000-7268e000 r--s 0019c000 08:01 16779741   /home/user/.grails/ivy-cache/org.eclipse.jdt.core.compiler/ecj/jars/ecj-3.7.2.jar
7268e000-72690000 r--s 00008000 08:01 16780554   /home/user/.grails/ivy-cache/org.apache.tomcat.embed/tomcat-embed-logging-juli/jars/tomcat-embed-logging-juli-7.0.30.jar
72690000-72692000 r--s 00013000 08:01 16780410   /home/user/.grails/ivy-cache/org.apache.tomcat.embed/tomcat-embed-logging-log4j/jars/tomcat-embed-logging-log4j-7.0.30.jar
72692000-7269d000 r--s 000b6000 08:01 16780409   /home/user/.grails/ivy-cache/org.apache.tomcat.embed/tomcat-embed-jasper/jars/tomcat-embed-jasper-7.0.30.jar
7269d000-726bf000 r--s 00254000 08:01 16780408   /home/user/.grails/ivy-cache/org.apache.tomcat.embed/tomcat-embed-core/jars/tomcat-embed-core-7.0.30.jar
726bf000-726c1000 r--s 00017000 08:01 16779209   /home/user/.grails/ivy-cache/org.apache.ant/ant-junit/jars/ant-junit-1.8.2.jar
726c1000-726c3000 r--s 00002000 08:01 16779207   /home/user/.grails/ivy-cache/org.apache.ant/ant-launcher/jars/ant-launcher-1.8.2.jar
726c3000-726e1000 r--s 001bb000 08:01 16779205   /home/user/.grails/ivy-cache/org.apache.ant/ant/jars/ant-1.8.2.jar
726e1000-726e8000 r--s 00037000 08:01 16779647   /home/user/.grails/ivy-cache/junit/junit/jars/junit-4.10.jar
726e8000-726eb000 r--s 0000b000 08:01 16780401   /home/user/.grails/ivy-cache/com.googlecode.concurrentlinkedhashmap/concurrentlinkedhashmap-lru/jars/concurrentlinkedhashmap-lru-1.2_jdk5.jar
726eb000-726f1000 r--s 00033000 08:01 16780400   /home/user/.grails/ivy-cache/org.springframework/spring-test/jars/spring-test-3.1.2.RELEASE.jar
726f1000-726fe000 r--s 000b7000 08:01 16780399   /home/user/.grails/ivy-cache/org.grails/grails-web/jars/grails-web-2.1.1.jar
726fe000-72700000 r--s 00001000 08:01 2097922    /usr/lib/jvm/java-6-openjdk/jre/lib/ext/dnsns.jar
72700000-72900000 rw-p 00000000 00:00 0 
72900000-72a00000 rw-p 00000000 00:00 0 
72a00000-72aff000 rw-p 00000000 00:00 0 
72aff000-72b00000 ---p 00000000 00:00 0 
72b00000-72d00000 rw-p 00000000 00:00 0 
72d00000-72f00000 rw-p 00000000 00:00 0 
72f00000-730fd000 rw-p 00000000 00:00 0 
730fd000-73100000 ---p 00000000 00:00 0 
73100000-731ff000 rw-p 00000000 00:00 0 
731ff000-73200000 ---p 00000000 00:00 0 
73200000-73300000 rw-p 00000000 00:00 0 
73300000-733f9000 rw-p 00000000 00:00 0 
733f9000-73400000 ---p 00000000 00:00 0 
73401000-73403000 r--s 0000c000 08:01 16780553   /home/user/.grails/ivy-cache/org.apache.tomcat/tomcat-catalina-ant/jars/tomcat-catalina-ant-7.0.30.jar
73403000-73405000 r--s 00005000 08:01 16779201   /home/user/.grails/ivy-cache/org.slf4j/slf4j-api/jars/slf4j-api-1.6.2.jar
73405000-73408000 r--s 00026000 08:01 16780398   /home/user/.grails/ivy-cache/org.grails/grails-resources/jars/grails-resources-2.1.1.jar
73408000-73416000 r--s 000b5000 08:01 16780397   /home/user/.grails/ivy-cache/org.grails/grails-core/jars/grails-core-2.1.1.jar
73416000-73421000 r--s 000fe000 08:01 16780396   /home/user/.grails/ivy-cache/org.grails/grails-scripts/jars/grails-scripts-2.1.1.jar
73421000-7342a000 r--s 000a8000 08:01 16780395   /home/user/.grails/ivy-cache/org.grails/grails-bootstrap/jars/grails-bootstrap-2.1.1.jar
7342a000-7344f000 r--s 00172000 08:01 16779183   /home/user/.grails/ivy-cache/org.bouncycastle/bcprov-jdk15/jars/bcprov-jdk15-1.45.jar
7344f000-73452000 ---p 00000000 00:00 0 
73452000-734a0000 rw-p 00000000 00:00 0 
734a0000-73500000 r--s 00d92000 08:01 2498190    /usr/lib/jvm/java-6-openjdk/lib/tools.jar
73500000-735fa000 rw-p 00000000 00:00 0 
735fa000-73600000 ---p 00000000 00:00 0 
73600000-73603000 r--s 00044000 08:01 16780394   /home/user/.grails/ivy-cache/org.grails/grails-docs/jars/grails-docs-2.1.1.jar
73603000-73606000 r--s 00041000 08:01 16779193   /home/user/.grails/ivy-cache/xalan/serializer/jars/serializer-2.7.1.jar
73606000-73609000 r--s 000cf000 08:01 16779191   /home/user/.grails/ivy-cache/net.java.dev.jna/jna/jars/jna-3.2.3.jar
73609000-7360b000 r--s 00008000 08:01 16779189   /home/user/.grails/ivy-cache/org.fusesource.jansi/jansi/jars/jansi-1.2.1.jar
7360b000-7361a000 r--s 000d9000 08:01 16779187   /home/user/.grails/ivy-cache/org.apache.ivy/ivy/jars/ivy-2.2.0.jar
7361a000-7361f000 r--s 00024000 08:01 16779181   /home/user/.grails/ivy-cache/org.bouncycastle/bcpg-jdk15/jars/bcpg-jdk15-1.45.jar
7361f000-73625000 r--s 00068000 08:01 16779177   /home/user/.grails/ivy-cache/com.google.protobuf/protobuf-java/jars/protobuf-java-2.4.1.jar
73625000-73628000 r--s 0001a000 08:01 16779175   /home/user/.grails/ivy-cache/org.springframework.uaa/org.springframework.uaa.client/bundles/org.springframework.uaa.client-1.0.1.RELEASE.jar
73628000-73629000 ---p 00000000 00:00 0 
73629000-736a9000 rw-p 00000000 00:00 0 
736a9000-736ac000 ---p 00000000 00:00 0 
736ac000-736fa000 rw-p 00000000 00:00 0 
736fa000-736fd000 ---p 00000000 00:00 0 
736fd000-7377b000 rw-p 00000000 00:00 0 
7377b000-7377e000 ---p 00000000 00:00 0 
7377e000-737fc000 rw-p 00000000 00:00 0 
737fc000-7385a000 r--s 00592000 08:01 17170568   /home/user/grails2/lib/org.codehaus.groovy/groovy-all/jars/groovy-all-1.8.8.jar
7385a000-7385d000 ---p 00000000 00:00 0 
7385d000-738ab000 rw-p 00000000 00:00 0 
738ab000-739dc000 r--p 0043d000 08:01 1973018    /usr/lib/locale/locale-archive
739dc000-73a1c000 r--p 002bd000 08:01 1973018    /usr/lib/locale/locale-archive
73a1c000-73c1c000 r--p 00000000 08:01 1973018    /usr/lib/locale/locale-archive
73c1c000-73c1f000 ---p 00000000 00:00 0 
73c1f000-73c6d000 rw-p 00000000 00:00 0 
73c6d000-73e00000 r--s 037db000 08:01 2097931    /usr/lib/jvm/java-6-openjdk/jre/lib/rt.jar
73e00000-73efc000 rw-p 00000000 00:00 0 
73efc000-73f00000 ---p 00000000 00:00 0 
73f00000-73f01000 r--s 00008000 08:01 16780504   /home/user/.grails/ivy-cache/org.grails/grails-plugin-services/jars/grails-plugin-services-2.1.1.jar
73f01000-73f1f000 r--s 001bb000 08:01 17170486   /home/user/grails2/lib/org.apache.ant/ant/jars/ant-1.8.2.jar
73f1f000-73f2e000 r--s 000d9000 08:01 17170503   /home/user/grails2/lib/org.apache.ivy/ivy/jars/ivy-2.2.0.jar
73f2e000-73f31000 ---p 00000000 00:00 0 
73f31000-73f7f000 rw-p 00000000 00:00 0 
73f7f000-73f80000 ---p 00000000 00:00 0 
73f80000-74000000 rw-p 00000000 00:00 0 
74000000-740fd000 rw-p 00000000 00:00 0 
740fd000-74100000 ---p 00000000 00:00 0 
74100000-74102000 r--s 00015000 08:01 16779185   /home/user/.grails/ivy-cache/jline/jline/jars/jline-1.0.jar
74102000-74107000 r--s 00050000 08:01 17170564   /home/user/grails2/lib/org.codehaus.gant/gant_groovy1.8/jars/gant_groovy1.8-1.9.6.jar
74107000-74109000 r--s 00009000 08:01 17042937   /home/user/grails2/lib/commons-cli/commons-cli/jars/commons-cli-1.2.jar
74109000-7410c000 r--s 000cf000 08:01 17170466   /home/user/grails2/lib/net.java.dev.jna/jna/jars/jna-3.2.3.jar
7410c000-7410e000 r--s 00008000 08:01 17170577   /home/user/grails2/lib/org.fusesource.jansi/jansi/jars/jansi-1.2.1.jar
7410e000-74111000 r--s 0007f000 08:01 2097929    /usr/lib/jvm/java-6-openjdk/jre/lib/jsse.jar
74111000-74118000 r--s 00067000 08:01 17042927   /home/user/grails2/lib/com.springsource.springloaded/springloaded-core/jars/springloaded-core-1.0.6.jar
74118000-7414b000 rw-p 00000000 00:00 0 
7414b000-7414c000 ---p 00000000 00:00 0 
7414c000-741cc000 rw-p 00000000 00:00 0 
741cc000-741cd000 ---p 00000000 00:00 0 
741cd000-7424d000 rw-p 00000000 00:00 0 
7424d000-7424e000 ---p 00000000 00:00 0 
7424e000-742ce000 rw-p 00000000 00:00 0 
742ce000-742cf000 ---p 00000000 00:00 0 
742cf000-7454f000 rw-p 00000000 00:00 0 
7454f000-b46d0000 rw-p 00000000 00:00 0 
b46d0000-b46d1000 r--s 00001000 08:01 16779211   /home/user/.grails/ivy-cache/org.apache.ant/ant-trax/jars/ant-trax-1.7.1.jar
b46d1000-b46da000 r--s 000a8000 08:01 14946020   /home/user/grails2/dist/grails-bootstrap-2.1.1.jar
b46da000-b46f0000 rw-p 00000000 00:00 0 
b46f0000-b479a000 rw-p 00000000 00:00 0 
b479a000-b4cfa000 rwxp 00000000 00:00 0 
b4cfa000-b779a000 rw-p 00000000 00:00 0 
b779a000-b779d000 ---p 00000000 00:00 0 
b779d000-b77ee000 rw-p 00000000 00:00 0 
b77ee000-b77ef000 r--s 00003000 08:01 16779179   /home/user/.grails/ivy-cache/com.googlecode.json-simple/json-simple/jars/json-simple-1.1.jar
b77ef000-b77f1000 r--s 00015000 08:01 17170451   /home/user/grails2/lib/jline/jline/jars/jline-1.0.jar
b77f1000-b77f3000 r--s 0000f000 08:01 2097921    /usr/lib/jvm/java-6-openjdk/jre/lib/ext/pulse-java.jar
b77f3000-b77f4000 r--p 006a8000 08:01 1973018    /usr/lib/locale/locale-archive
b77f4000-b77fc000 rw-s 00000000 08:01 13893689   /tmp/hsperfdata_user/3408
b77fc000-b77fd000 rw-p 00000000 00:00 0 
b77fd000-b77fe000 r--p 00000000 00:00 0 
b77fe000-b7800000 rw-p 00000000 00:00 0 
bfc09000-bfc2a000 rw-p 00000000 00:00 0          [stack]

VM Arguments:
jvm_args: -Xmx768M -Xms768M -XX:PermSize=256m -XX:MaxPermSize=256m -Dfile.encoding=UTF-8 -javaagent:/home/user/grails2/lib/com.springsource.springloaded/springloaded-core/jars/springloaded-core-1.0.6.jar -Xverify:none -Dspringloaded=profile=grails;cacheDir=/home/user/.grails/2.1.1/ -Dgrails.home=/home/user/grails2 -Dtools.jar=/usr/lib/jvm/java-6-openjdk/lib/tools.jar 
java_command: org.codehaus.groovy.grails.cli.support.GrailsStarter --main org.codehaus.groovy.grails.cli.GrailsScriptRunner --conf /home/user/grails2/conf/groovy-starter.conf --classpath   run-app
Launcher Type: SUN_STANDARD

Environment Variables:
JAVA_HOME=/usr/lib/jvm/java-6-openjdk
PATH=/usr/lib/lightdm/lightdm:/usr/local/sbin:/usr/local/bin:/usr/sbin:/usr/bin:/sbin:/bin:/usr/games:$GRAILS_HOME::/home/user/grails2/bin:/usr/lib/jvm/java-6-openjdk/bin
USERNAME=user
LD_LIBRARY_PATH=/usr/lib/jvm/java-6-openjdk/jre/lib/i386/server:/usr/lib/jvm/java-6-openjdk/jre/lib/i386:/usr/lib/jvm/java-6-openjdk/jre/../lib/i386
SHELL=/bin/bash
DISPLAY=:0

Signal Handlers:
SIGSEGV: [libjvm.so+0x66b7d0], sa_mask[0]=0x7ffbfeff, sa_flags=0x10000004
SIGBUS: [libjvm.so+0x66b7d0], sa_mask[0]=0x7ffbfeff, sa_flags=0x10000004
SIGFPE: [libjvm.so+0x52ebb0], sa_mask[0]=0x7ffbfeff, sa_flags=0x10000004
SIGPIPE: SIG_IGN, sa_mask[0]=0x00000000, sa_flags=0x00000000
SIGXFSZ: [libjvm.so+0x52ebb0], sa_mask[0]=0x7ffbfeff, sa_flags=0x10000004
SIGILL: [libjvm.so+0x52ebb0], sa_mask[0]=0x7ffbfeff, sa_flags=0x10000004
SIGUSR1: SIG_DFL, sa_mask[0]=0x00000000, sa_flags=0x00000000
SIGUSR2: [libjvm.so+0x52ea40], sa_mask[0]=0x00000000, sa_flags=0x10000004
SIGHUP: [libjvm.so+0x5319d0], sa_mask[0]=0x7ffbfeff, sa_flags=0x10000004
SIGINT: [libjvm.so+0x5319d0], sa_mask[0]=0x7ffbfeff, sa_flags=0x10000004
SIGTERM: [libjvm.so+0x5319d0], sa_mask[0]=0x7ffbfeff, sa_flags=0x10000004
SIGQUIT: [libjvm.so+0x5319d0], sa_mask[0]=0x7ffbfeff, sa_flags=0x10000004


---------------  S Y S T E M  ---------------

OS:Ubuntu 11.10 (oneiric)
uname:Linux 3.0.0-32-generic #51-Ubuntu SMP Thu Mar 21 15:51:26 UTC 2013 i686
libc:glibc 2.13 NPTL 2.13 
rlimit: STACK 8192k, CORE 0k, NPROC 14920, NOFILE 4096, AS infinity
load average:1.89 0.80 0.75

/proc/meminfo:
MemTotal:        1923868 kB
MemFree:          792608 kB
Buffers:           16168 kB
Cached:           347556 kB
SwapCached:        32168 kB
Active:           659872 kB
Inactive:         382304 kB
Active(anon):     562176 kB
Inactive(anon):   272952 kB
Active(file):      97696 kB
Inactive(file):   109352 kB
Unevictable:           0 kB
Mlocked:               0 kB
HighTotal:       1048072 kB
HighFree:          49872 kB
LowTotal:         875796 kB
LowFree:          742736 kB
SwapTotal:       1955836 kB
SwapFree:        1658260 kB
Dirty:               948 kB
Writeback:             0 kB
AnonPages:        650740 kB
Mapped:            72088 kB
Shmem:            156684 kB
Slab:              39832 kB
SReclaimable:      17108 kB
SUnreclaim:        22724 kB
KernelStack:        2936 kB
PageTables:         7784 kB
NFS_Unstable:          0 kB
Bounce:                0 kB
WritebackTmp:          0 kB
CommitLimit:     2917768 kB
Committed_AS:    3535020 kB
VmallocTotal:     122880 kB
VmallocUsed:       40380 kB
VmallocChunk:      81392 kB
HardwareCorrupted:     0 kB
AnonHugePages:         0 kB
HugePages_Total:       0
HugePages_Free:        0
HugePages_Rsvd:        0
HugePages_Surp:        0
Hugepagesize:       4096 kB
DirectMap4k:       16376 kB
DirectMap4M:      892928 kB


CPU:total 4 (2 cores per cpu, 2 threads per core) family 6 model 37 stepping 5, cmov, cx8, fxsr, mmx, sse, sse2, sse3, ssse3, sse4.1, sse4.2, popcnt, ht

Memory: 4k page, physical 1923868k(792608k free), swap 1955836k(1658260k free)

vm_info: OpenJDK Server VM (20.0-b12) for linux-x86 JRE (1.6.0_27-b27), built on Apr 25 2013 15:15:32 by "buildd" with gcc 4.6.1

time: Thu Jun  6 11:02:49 2013
elapsed time: 11 seconds

